---------------
Me
---------------
{
 "first_name": "Richard", 
 "last_name": "Mark", 
 "verified": true, 
 "name": "Richard Mark", 
 "locale": "en_US", 
 "gender": "male", 
 "updated_time": "2015-07-04T18:06:37+0000", 
 "link": "https://www.facebook.com/app_scoped_user_id/1434069123585040/", 
 "timezone": -4, 
 "id": "1434069123585040"
}
---------------
My Friends
---------------
{
 "data": [], 
 "summary": {
  "total_count": 4
 }
}

---------------
Social Web
---------------
{
 "paging": {
  "cursors": {
   "after": "NTA2", 
   "before": "MAZDZD"
  }
 }, 
 "data": [
  {
   "category": "Website", 
   "name": "Social Web Girl", 
   "id": "1425389227704470"
  }, 
  {
   "category": "Consulting/Business Services", 
   "name": "Social Web", 
   "category_list": [
    {
     "id": "170992992946914", 
     "name": "Marketing Consultant"
    }, 
    {
     "id": "181475575221097", 
     "name": "Photographer"
    }, 
    {
     "id": "200154933429705", 
     "name": "Web Development"
    }
   ], 
   "id": "144307838980365"
  }, 
  {
   "category": "Website", 
   "name": "Social Webshop", 
   "id": "1394913830760636"
  }, 
  {
   "category": "Business Services", 
   "name": "LS Social Web", 
   "category_list": [
    {
     "id": "162183907165552", 
     "name": "Graphic Design"
    }, 
    {
     "id": "200154933429705", 
     "name": "Web Development"
    }, 
    {
     "id": "205510939478893", 
     "name": "Copying & Printing"
    }
   ], 
   "id": "515092701968229"
  }, 
  {
   "category": "Business Services", 
   "name": "socialWEB", 
   "category_list": [
    {
     "id": "200209719995975", 
     "name": "Business Supply Service"
    }, 
    {
     "id": "187393124625179", 
     "name": "Web Design"
    }
   ], 
   "id": "114355558650055"
  }, 
  {
   "category": "Computers/Internet Website", 
   "name": "My Social Web", 
   "id": "76277666156"
  }, 
  {
   "category": "Consulting/Business Services", 
   "name": "Social Webwork", 
   "id": "1438118799768086"
  }, 
  {
   "category": "Community", 
   "name": "Social Web", 
   "id": "502604446522710"
  }, 
  {
   "category": "Company", 
   "name": "SocialWeb", 
   "id": "1479726435651428"
  }, 
  {
   "category": "Internet/Software", 
   "name": "Social & Web Marketing", 
   "category_list": [
    {
     "id": "200154933429705", 
     "name": "Web Development"
    }, 
    {
     "id": "164886566892249", 
     "name": "Advertising Agency"
    }, 
    {
     "id": "162183907165552", 
     "name": "Graphic Design"
    }
   ], 
   "id": "172427156148334"
  }, 
  {
   "category": "Professional Services", 
   "name": "Social Web", 
   "category_list": [
    {
     "id": "164886566892249", 
     "name": "Advertising Agency"
    }, 
    {
     "id": "200154933429705", 
     "name": "Web Development"
    }, 
    {
     "id": "187393124625179", 
     "name": "Web Design"
    }
   ], 
   "id": "145218172174013"
  }, 
  {
   "category": "Website", 
   "name": "Social Web", 
   "id": "441220109348770"
  }, 
  {
   "category": "Internet/Software", 
   "name": "Social Webshop FR", 
   "id": "235406569990322"
  }, 
  {
   "category": "Arts/Humanities Website", 
   "name": "Social Web Art", 
   "id": "833575423359366"
  }, 
  {
   "category": "Software", 
   "name": "Social Webshop UK", 
   "id": "367809806695037"
  }, 
  {
   "category": "Internet/Software", 
   "name": "Web in Fermento - Marketing nel Social Web e NewMedia Design", 
   "category_list": [
    {
     "id": "187393124625179", 
     "name": "Web Design"
    }, 
    {
     "id": "170992992946914", 
     "name": "Marketing Consultant"
    }, 
    {
     "id": "164886566892249", 
     "name": "Advertising Agency"
    }
   ], 
   "id": "125310277520246"
  }, 
  {
   "category": "Consulting/Business Services", 
   "name": "Social Web Sherpas", 
   "category_list": [
    {
     "id": "2248", 
     "name": "Consulting/Business Services"
    }
   ], 
   "id": "105830116116453"
  }, 
  {
   "category": "Company", 
   "name": "Social web consulting", 
   "category_list": [
    {
     "id": "170992992946914", 
     "name": "Marketing Consultant"
    }
   ], 
   "id": "438991686226624"
  }, 
  {
   "category": "Product/Service", 
   "name": "Social Web Cafe", 
   "id": "255596497809113"
  }, 
  {
   "category": "Interest", 
   "name": "Social web", 
   "id": "112879218725926"
  }, 
  {
   "category": "Professional Services", 
   "name": "Social Web Agency", 
   "category_list": [
    {
     "id": "170992992946914", 
     "name": "Marketing Consultant"
    }, 
    {
     "id": "163272113725616", 
     "name": "Advertising Service"
    }
   ], 
   "id": "1574818702754538"
  }, 
  {
   "category": "Internet/Software", 
   "name": "SocialWeb", 
   "category_list": [
    {
     "id": "200154933429705", 
     "name": "Web Development"
    }
   ], 
   "id": "669751383086793"
  }, 
  {
   "category": "Computers/Internet Website", 
   "name": "SocialWeb.ro", 
   "id": "185753574790507"
  }, 
  {
   "category": "Professional Services", 
   "name": "WeBetter - Social & Marketing", 
   "category_list": [
    {
     "id": "2517", 
     "name": "Professional Services"
    }
   ], 
   "id": "169708609749841"
  }, 
  {
   "category": "Website", 
   "name": "Social Web News", 
   "id": "1650412518536159"
  }, 
  {
   "category": "TV Network", 
   "name": "Ceflix social web tv", 
   "id": "760164607375916"
  }, 
  {
   "category": "Community", 
   "name": "Social WEB", 
   "id": "295703510589892"
  }, 
  {
   "category": "Consulting/Business Services", 
   "name": "SocialWebMarketing", 
   "id": "226633110719998"
  }, 
  {
   "category": "Internet/Software", 
   "name": "Social Webshop Italy", 
   "id": "610458242362481"
  }, 
  {
   "category": "Website", 
   "name": "Social Web Wizard", 
   "id": "169089429771025"
  }, 
  {
   "category": "Book", 
   "name": "Mining the Social Web", 
   "id": "146803958708175"
  }, 
  {
   "category": "Website", 
   "name": "Social Web BREAKFAST", 
   "id": "175318852545291"
  }, 
  {
   "category": "Internet/Software", 
   "name": "Social Website", 
   "id": "210604392401626"
  }, 
  {
   "category": "Internet/Software", 
   "name": "Social Media Siti Web", 
   "category_list": [
    {
     "id": "2256", 
     "name": "Internet/Software"
    }
   ], 
   "id": "553637281423867"
  }, 
  {
   "category": "Internet/Software", 
   "name": "Life Social Web", 
   "category_list": [
    {
     "id": "192119584190796", 
     "name": "Event"
    }, 
    {
     "id": "108470879231339", 
     "name": "Research Service"
    }
   ], 
   "id": "147895125402338"
  }, 
  {
   "category": "Internet/Software", 
   "name": "Web Social Dev", 
   "id": "233682666821223"
  }, 
  {
   "category": "Small Business", 
   "name": "Social Webs by CAS", 
   "category_list": [
    {
     "id": "187133811318958", 
     "name": "Business Services"
    }, 
    {
     "id": "187393124625179", 
     "name": "Web Design"
    }
   ], 
   "id": "292811594249411"
  }, 
  {
   "category": "Education", 
   "name": "WebSocial", 
   "category_list": [
    {
     "id": "151676848220295", 
     "name": "Education"
    }
   ], 
   "id": "192541364117143"
  }, 
  {
   "category": "Local Business", 
   "name": "Webber Social Club", 
   "category_list": [
    {
     "id": "189018581118681", 
     "name": "Sports Club"
    }
   ], 
   "id": "111516775554603"
  }, 
  {
   "category": "Company", 
   "name": "Weber Shandwick Social Impact", 
   "category_list": [
    {
     "id": "2200", 
     "name": "Company"
    }
   ], 
   "id": "89444069963"
  }, 
  {
   "category": "Media/News/Publishing", 
   "name": "Speak Social", 
   "category_list": [
    {
     "id": "164886566892249", 
     "name": "Advertising Agency"
    }, 
    {
     "id": "170992992946914", 
     "name": "Marketing Consultant"
    }, 
    {
     "id": "200154933429705", 
     "name": "Web Development"
    }
   ], 
   "id": "127692573953699"
  }, 
  {
   "category": "Website", 
   "name": "VK (social networking website)", 
   "id": "1479620815655662"
  }, 
  {
   "category": "Internet/Software", 
   "name": "Social Webforce", 
   "category_list": [
    {
     "id": "2256", 
     "name": "Internet/Software"
    }
   ], 
   "id": "128172607258182"
  }, 
  {
   "category": "Software", 
   "name": "SocialWebshop Poland", 
   "id": "853892051289097"
  }, 
  {
   "category": "Internet/Software", 
   "name": "Social Webs", 
   "id": "174735529355893"
  }, 
  {
   "category": "Community", 
   "name": "Social Website", 
   "id": "378470402362331"
  }, 
  {
   "category": "Media/News/Publishing", 
   "name": "Social / Web Marketing Agency - Stir USA | Canada", 
   "category_list": [
    {
     "id": "164886566892249", 
     "name": "Advertising Agency"
    }, 
    {
     "id": "170992992946914", 
     "name": "Marketing Consultant"
    }, 
    {
     "id": "179672275401610", 
     "name": "Business Consultant"
    }
   ], 
   "id": "152246029758"
  }, 
  {
   "category": "Local Business", 
   "name": "Social Web Dzine", 
   "category_list": [
    {
     "id": "187393124625179", 
     "name": "Web Design"
    }, 
    {
     "id": "200154933429705", 
     "name": "Web Development"
    }, 
    {
     "id": "206534229374185", 
     "name": "Email Marketing"
    }
   ], 
   "id": "122698737762622"
  }, 
  {
   "category": "Community", 
   "name": "Web Social", 
   "id": "231682236924947"
  }, 
  {
   "category": "Society/Culture Website", 
   "name": "Social4Web", 
   "id": "169765039795027"
  }, 
  {
   "category": "Local Business", 
   "name": "Web Social Marketing", 
   "id": "161192167329576"
  }, 
  {
   "category": "Community", 
   "name": "Keine Kinderfotos im Social Web", 
   "id": "137058369654806"
  }, 
  {
   "category": "Product/Service", 
   "name": "On The Webb Social Media Services", 
   "id": "210125749066257"
  }, 
  {
   "category": "Education Website", 
   "name": "Social Web Learning", 
   "id": "149583259175"
  }, 
  {
   "category": "App Page", 
   "name": "Social Web Reporter", 
   "id": "598817503529463"
  }, 
  {
   "category": "Consulting/Business Services", 
   "name": "webfeuer - Social Media und mehr!", 
   "id": "369613539636"
  }, 
  {
   "category": "TV Network", 
   "name": "Social RTV Web", 
   "id": "449118198574253"
  }, 
  {
   "category": "Website", 
   "name": "Web Social Tourism", 
   "id": "301608313292038"
  }, 
  {
   "category": "Media/News/Publishing", 
   "name": "Social Webmarks", 
   "id": "230470560302996"
  }, 
  {
   "category": "Radio Station", 
   "name": "WebRadio Social", 
   "id": "172438649562650"
  }, 
  {
   "category": "Community Organization", 
   "name": "Social Web", 
   "id": "933108596709692"
  }, 
  {
   "category": "Community", 
   "name": "Social Web Platform", 
   "id": "114016465440871"
  }, 
  {
   "category": "Computers/Internet Website", 
   "name": "Web/Social Marketing", 
   "id": "172670552803004"
  }, 
  {
   "category": "Product/Service", 
   "name": "WebSocial", 
   "id": "747003228707421"
  }, 
  {
   "category": "Teens/Kids Website", 
   "name": "Web social", 
   "id": "352901661450822"
  }, 
  {
   "category": "Community", 
   "name": "Social web feeds", 
   "id": "1621735518056647"
  }, 
  {
   "category": "Product/Service", 
   "name": "Social Web macht Schule", 
   "id": "640045259452124"
  }, 
  {
   "category": "Computers/Internet Website", 
   "name": "Real-time Social Web", 
   "id": "121363354543881"
  }, 
  {
   "category": "Consulting/Business Services", 
   "name": "Gimme Social Web", 
   "id": "190870261096138"
  }, 
  {
   "category": "Computers/Technology", 
   "name": "Social Web Strategy", 
   "category_list": [
    {
     "id": "169056916473899", 
     "name": "Broadcasting & Media Production"
    }, 
    {
     "id": "201528873201605", 
     "name": "Management Service"
    }
   ], 
   "id": "142810595790974"
  }, 
  {
   "category": "Local/Travel Website", 
   "name": "WebJ Social Travel Wave", 
   "id": "868900836508774"
  }, 
  {
   "category": "Consulting/Business Services", 
   "name": "Websurf Social Media", 
   "category_list": [
    {
     "id": "2248", 
     "name": "Consulting/Business Services"
    }
   ], 
   "id": "102106206533278"
  }, 
  {
   "category": "Community", 
   "name": "Social Web Buys", 
   "id": "645061782205988"
  }, 
  {
   "category": "Community", 
   "name": "SocialWeb", 
   "id": "589464101164823"
  }, 
  {
   "category": "Society/Culture Website", 
   "name": "SOCIAL WEBSITE", 
   "id": "290608457641244"
  }, 
  {
   "category": "Internet/Software", 
   "name": "Social Media Web", 
   "id": "432946513540737"
  }, 
  {
   "category": "Local Business", 
   "name": "Social Web Design", 
   "category_list": [
    {
     "id": "187393124625179", 
     "name": "Web Design"
    }, 
    {
     "id": "200154933429705", 
     "name": "Web Development"
    }, 
    {
     "id": "206534229374185", 
     "name": "Email Marketing"
    }
   ], 
   "id": "479064558889277"
  }, 
  {
   "category": "Software", 
   "name": "SocialWebshop Espa\u00f1a", 
   "id": "1565197313702068"
  }, 
  {
   "category": "Shopping/Retail", 
   "name": "Social webschop", 
   "category_list": [
    {
     "id": "176831012360626", 
     "name": "Professional Services"
    }
   ], 
   "id": "856066491099666"
  }, 
  {
   "category": "Local Business", 
   "name": "Social Web Innovation", 
   "id": "162028037196792"
  }, 
  {
   "category": "Internet/Software", 
   "name": "Milano Social Web", 
   "id": "252633804884736"
  }, 
  {
   "category": "Entertainment Website", 
   "name": "In Social Web", 
   "id": "168072826666497"
  }, 
  {
   "category": "Consulting/Business Services", 
   "name": "Social Web Consulting", 
   "id": "248823435257496"
  }, 
  {
   "category": "Teacher", 
   "name": "Dise\u00f1o Web Social", 
   "id": "253202708077866"
  }, 
  {
   "category": "Entertainment Website", 
   "name": "Social-Webcam", 
   "id": "138187269563360"
  }, 
  {
   "category": "App Page", 
   "name": "SocialWebbie", 
   "id": "217112891701827"
  }, 
  {
   "category": "Website", 
   "name": "SocialWebLike", 
   "id": "101946616632016"
  }, 
  {
   "category": "Shopping/Retail", 
   "name": "Social Web Deals", 
   "id": "225923010951805"
  }, 
  {
   "category": "Website", 
   "name": "Social Web", 
   "id": "156184496617"
  }, 
  {
   "category": "Website", 
   "name": "Webwinkel Social Media", 
   "id": "1421289988163648"
  }, 
  {
   "category": "Small Business", 
   "name": "Social Web Tactics", 
   "category_list": [
    {
     "id": "2237", 
     "name": "Small Business"
    }
   ], 
   "id": "162973743866087"
  }, 
  {
   "category": "Business Services", 
   "name": "Social Web Ranking", 
   "category_list": [
    {
     "id": "187133811318958", 
     "name": "Business Services"
    }
   ], 
   "id": "470852336273104"
  }, 
  {
   "category": "Business Services", 
   "name": "Social Web Promoter", 
   "category_list": [
    {
     "id": "163272113725616", 
     "name": "Advertising Service"
    }
   ], 
   "id": "657099161012700"
  }, 
  {
   "category": "Community", 
   "name": "Happy Social Web", 
   "id": "1488750614743981"
  }, 
  {
   "category": "Education", 
   "name": "Social Web Academy", 
   "id": "498691586935473"
  }, 
  {
   "category": "Local Business", 
   "name": "Social Web Media", 
   "category_list": [
    {
     "id": "2500", 
     "name": "Local Business"
    }
   ], 
   "id": "103944626326539"
  }, 
  {
   "category": "School", 
   "name": "Social web - \u05e1\u05d5\u05e9\u05d9\u05d0\u05dc \u05d5\u05d5\u05d1", 
   "id": "419507011456285"
  }, 
  {
   "category": "Internet/Software", 
   "name": "NetSocialWeb", 
   "id": "434562719914740"
  }, 
  {
   "category": "Company", 
   "name": "Social Web Thing", 
   "id": "114874051893438"
  }, 
  {
   "category": "Consulting/Business Services", 
   "name": "Social Web Associates", 
   "category_list": [
    {
     "id": "170992992946914", 
     "name": "Marketing Consultant"
    }
   ], 
   "id": "327997047315600"
  }, 
  {
   "category": "Education", 
   "name": "Social Media Marketing & Web Communication - Executive Master SDC IULM", 
   "category_list": [
    {
     "id": "151676848220295", 
     "name": "Education"
    }
   ], 
   "id": "104917969542058"
  }, 
  {
   "category": "Consulting/Business Services", 
   "name": "Web&Social Life - Italy", 
   "id": "162181413905627"
  }, 
  {
   "category": "Personal Blog", 
   "name": "Andrea Wierer Social Web Consultant", 
   "id": "363881160375850"
  }, 
  {
   "category": "Internet/Software", 
   "name": "Artwhere Mobile Social Web", 
   "category_list": [
    {
     "id": "2256", 
     "name": "Internet/Software"
    }
   ], 
   "id": "46316179114"
  }, 
  {
   "category": "Book", 
   "name": "Texten f\u00fcrs Social Web", 
   "id": "163775863785154"
  }, 
  {
   "category": "Computers/Internet Website", 
   "name": "SocialWebOS", 
   "id": "358524254168284"
  }, 
  {
   "category": "Internet/Software", 
   "name": "Social web design by x10industries", 
   "category_list": [
    {
     "id": "187393124625179", 
     "name": "Web Design"
    }, 
    {
     "id": "170992992946914", 
     "name": "Marketing Consultant"
    }, 
    {
     "id": "200154933429705", 
     "name": "Web Development"
    }
   ], 
   "id": "330043283780"
  }, 
  {
   "category": "Internet/Software", 
   "name": "bluehouse - Die Web & Social Media Agentur", 
   "category_list": [
    {
     "id": "163272113725616", 
     "name": "Advertising Service"
    }
   ], 
   "id": "223239324395549"
  }, 
  {
   "category": "Product/Service", 
   "name": "Social Web Factory", 
   "id": "67783847861"
  }, 
  {
   "category": "Community", 
   "name": "Social Webs", 
   "id": "159735864118250"
  }, 
  {
   "category": "Company", 
   "name": "Sweden Social Web Camp", 
   "id": "290284817827"
  }, 
  {
   "category": "Community Organization", 
   "name": "Social Web Tech Talk", 
   "id": "173272359544586"
  }, 
  {
   "category": "Internet/Software", 
   "name": "Social Webology", 
   "id": "199369666770042"
  }, 
  {
   "category": "Consulting/Business Services", 
   "name": "Social Media Webinarcamps", 
   "id": "508178575883032"
  }, 
  {
   "category": "Consulting/Business Services", 
   "name": "Social Media & Web Consultant", 
   "category_list": [
    {
     "id": "170992992946914", 
     "name": "Marketing Consultant"
    }, 
    {
     "id": "187393124625179", 
     "name": "Web Design"
    }, 
    {
     "id": "200154933429705", 
     "name": "Web Development"
    }
   ], 
   "id": "538200766261907"
  }, 
  {
   "category": "Local Business", 
   "name": "Dot Ingenuity Web & Social Media", 
   "category_list": [
    {
     "id": "187393124625179", 
     "name": "Web Design"
    }, 
    {
     "id": "170992992946914", 
     "name": "Marketing Consultant"
    }
   ], 
   "id": "131570646875176"
  }, 
  {
   "category": "Consulting/Business Services", 
   "name": "Web.Search.Social", 
   "id": "214631441934914"
  }, 
  {
   "category": "Book", 
   "name": "PR im Social Web", 
   "id": "161347393888030"
  }, 
  {
   "category": "Legal/Law", 
   "name": "SWA Social Web Avvvocati & Webnews Giuridiche", 
   "id": "472013526210740"
  }, 
  {
   "category": "Internet/Software", 
   "name": "Optragroup - Agence Web & Social Media", 
   "category_list": [
    {
     "id": "187393124625179", 
     "name": "Web Design"
    }, 
    {
     "id": "200154933429705", 
     "name": "Web Development"
    }, 
    {
     "id": "161811347201528", 
     "name": "Lodging"
    }
   ], 
   "id": "123000931064408"
  }, 
  {
   "category": "Small Business", 
   "name": "Social Impact Web", 
   "id": "196321800413834"
  }, 
  {
   "category": "Media/News/Publishing", 
   "name": "Social Web Arena", 
   "id": "1511437179114307"
  }, 
  {
   "category": "Company", 
   "name": "Social Web 2 Go", 
   "id": "826621664046472"
  }, 
  {
   "category": "Consulting/Business Services", 
   "name": "WebSocial", 
   "id": "208290102524008"
  }, 
  {
   "category": "Community", 
   "name": "NUZ - Social Web Tv", 
   "id": "155755994459126"
  }, 
  {
   "category": "Consulting/Business Services", 
   "name": "Social Suzi", 
   "category_list": [
    {
     "id": "187393124625179", 
     "name": "Web Design"
    }, 
    {
     "id": "162183907165552", 
     "name": "Graphic Design"
    }, 
    {
     "id": "200154933429705", 
     "name": "Web Development"
    }
   ], 
   "id": "374293152642593"
  }, 
  {
   "category": "Internet/Software", 
   "name": "SocialTab Web Apps", 
   "category_list": [
    {
     "id": "187215161312096", 
     "name": "Internet Service Provider"
    }
   ], 
   "id": "271649089705217"
  }, 
  {
   "category": "Internet/Software", 
   "name": "In Web - Marketing Social", 
   "category_list": [
    {
     "id": "170992992946914", 
     "name": "Marketing Consultant"
    }, 
    {
     "id": "200154933429705", 
     "name": "Web Development"
    }, 
    {
     "id": "187393124625179", 
     "name": "Web Design"
    }
   ], 
   "id": "432390140214298"
  }, 
  {
   "category": "Local Business", 
   "name": "Social Adrenaline", 
   "category_list": [
    {
     "id": "164886566892249", 
     "name": "Advertising Agency"
    }, 
    {
     "id": "200154933429705", 
     "name": "Web Development"
    }
   ], 
   "id": "159855090738042"
  }, 
  {
   "category": "Professional Services", 
   "name": "RaDiO SoCiAL - Web Radio", 
   "category_list": [
    {
     "id": "169056916473899", 
     "name": "Broadcasting & Media Production"
    }
   ], 
   "id": "503048753168925"
  }, 
  {
   "category": "Media/News/Publishing", 
   "name": "TAG - Social Web Radio", 
   "category_list": [
    {
     "id": "2233", 
     "name": "Media/News/Publishing"
    }
   ], 
   "id": "226795074081704"
  }, 
  {
   "category": "Business Person", 
   "name": "Mirna Bard - Social Media Strategy Consultant, Trainer, Speaker & Author", 
   "id": "123171147695069"
  }, 
  {
   "category": "News/Media Website", 
   "name": "Social Media Manager | Web e Social Media Marketing", 
   "id": "147374031981368"
  }, 
  {
   "category": "News/Media Website", 
   "name": "SocialWebSeries", 
   "id": "245057172212562"
  }, 
  {
   "category": "Internet/Software", 
   "name": "Social Web Power", 
   "category_list": [
    {
     "id": "2256", 
     "name": "Internet/Software"
    }
   ], 
   "id": "835021083188471"
  }, 
  {
   "category": "Computers/Internet Website", 
   "name": "iSocialWeb", 
   "id": "462294513847158"
  }, 
  {
   "category": "Local Business", 
   "name": "Web Social Marketing Firenze", 
   "category_list": [
    {
     "id": "2500", 
     "name": "Local Business"
    }
   ], 
   "id": "179635912063410"
  }, 
  {
   "category": "Society/Culture Website", 
   "name": "Bee Social", 
   "id": "180012895477291"
  }, 
  {
   "category": "Internet/Software", 
   "name": "Social Web Alliance", 
   "id": "160477007390933"
  }, 
  {
   "category": "Education", 
   "name": "Social Web Academy", 
   "id": "192046090848741"
  }, 
  {
   "category": "Internet/Software", 
   "name": "Web Social Business", 
   "category_list": [
    {
     "id": "2256", 
     "name": "Internet/Software"
    }
   ], 
   "id": "620197398021531"
  }, 
  {
   "category": "Professional Services", 
   "name": "Web & Social Solutions", 
   "category_list": [
    {
     "id": "200154933429705", 
     "name": "Web Development"
    }, 
    {
     "id": "170992992946914", 
     "name": "Marketing Consultant"
    }
   ], 
   "id": "577684822294787"
  }, 
  {
   "category": "Company", 
   "name": "Social Semantic Web", 
   "id": "36575011414"
  }, 
  {
   "category": "Community", 
   "name": "Social web lead dakar ouakam", 
   "id": "605433729566597"
  }, 
  {
   "category": "Computers/Internet Website", 
   "name": "Social Media Marketing and Website Design Agency", 
   "id": "129701130375873"
  }, 
  {
   "category": "Community", 
   "name": "Webster Alumni Social Group", 
   "id": "487171701376262"
  }, 
  {
   "category": "Community", 
   "name": "Social web lead dakar pikine", 
   "id": "1486223964986147"
  }, 
  {
   "category": "Product/Service", 
   "name": "Social Media Website", 
   "id": "1409211522669854"
  }, 
  {
   "category": "Company", 
   "name": "Enova4U Dise\u00f1o Web & Social Media", 
   "category_list": [
    {
     "id": "187393124625179", 
     "name": "Web Design"
    }, 
    {
     "id": "200154933429705", 
     "name": "Web Development"
    }, 
    {
     "id": "162183907165552", 
     "name": "Graphic Design"
    }
   ], 
   "id": "218721764817225"
  }, 
  {
   "category": "Community", 
   "name": "Web & Social Media Marketing", 
   "id": "1599805096975871"
  }, 
  {
   "category": "Local Business", 
   "name": "eitbits Webs & Social Media", 
   "id": "132214966858612"
  }, 
  {
   "category": "Company", 
   "name": "Internet-Rhetorik - Kommunikation im Social Web", 
   "category_list": [
    {
     "id": "2200", 
     "name": "Company"
    }
   ], 
   "id": "153169621372946"
  }, 
  {
   "category": "Internet/Software", 
   "name": "FUA Social Web", 
   "category_list": [
    {
     "id": "200154933429705", 
     "name": "Web Development"
    }, 
    {
     "id": "162183907165552", 
     "name": "Graphic Design"
    }, 
    {
     "id": "187393124625179", 
     "name": "Web Design"
    }
   ], 
   "id": "1410567895848855"
  }, 
  {
   "category": "Media/News/Publishing", 
   "name": "Webs Social Media pvt ltd", 
   "id": "1595712023989998"
  }, 
  {
   "category": "Book", 
   "name": "Kundenservice im Social Web", 
   "id": "244611275577666"
  }, 
  {
   "category": "Website", 
   "name": "Islamic & Social Website - abswerbd.com", 
   "id": "677061112307489"
  }, 
  {
   "category": "Personal Website", 
   "name": "THE JAGUAR SOCIAL NETWORK  WEBSITE", 
   "id": "114852928532072"
  }, 
  {
   "category": "Small Business", 
   "name": "Oferplay Desarrollo Web y Social Media", 
   "category_list": [
    {
     "id": "2237", 
     "name": "Small Business"
    }
   ], 
   "id": "472621429448414"
  }, 
  {
   "category": "Community", 
   "name": "Social Nurse Web", 
   "id": "641989875880917"
  }, 
  {
   "category": "Professional Services", 
   "name": "ISocial Web", 
   "category_list": [
    {
     "id": "200154933429705", 
     "name": "Web Development"
    }, 
    {
     "id": "187393124625179", 
     "name": "Web Design"
    }
   ], 
   "id": "691387304273877"
  }, 
  {
   "category": "Internet/Software", 
   "name": "Social Genie Websites", 
   "category_list": [
    {
     "id": "200154933429705", 
     "name": "Web Development"
    }, 
    {
     "id": "187393124625179", 
     "name": "Web Design"
    }, 
    {
     "id": "187133811318958", 
     "name": "Business Services"
    }
   ], 
   "id": "876686629019847"
  }, 
  {
   "category": "Computers/Internet Website", 
   "name": "Likefollower.it - Social & Web Marketing", 
   "id": "493833740703153"
  }, 
  {
   "category": "Consulting/Business Services", 
   "name": "G&B Marketing | Web & Social Media", 
   "category_list": [
    {
     "id": "164886566892249", 
     "name": "Advertising Agency"
    }
   ], 
   "id": "331604230252618"
  }, 
  {
   "category": "TV Show", 
   "name": "Social Anxiety - A Web Series", 
   "id": "107080656067158"
  }, 
  {
   "category": "Concert Venue", 
   "name": "SocialWeb", 
   "id": "186493478082456"
  }, 
  {
   "category": "Community", 
   "name": "Social Web Seek", 
   "id": "936130943068347"
  }, 
  {
   "category": "Education", 
   "name": "ITE College West - Nitec in Social Media and Web Development", 
   "category_list": [
    {
     "id": "151676848220295", 
     "name": "Education"
    }
   ], 
   "id": "162257397196866"
  }, 
  {
   "category": "Company", 
   "name": "Webshoutz be social", 
   "category_list": [
    {
     "id": "200154933429705", 
     "name": "Web Development"
    }, 
    {
     "id": "170992992946914", 
     "name": "Marketing Consultant"
    }, 
    {
     "id": "179672275401610", 
     "name": "Business Consultant"
    }
   ], 
   "id": "502559819771053"
  }, 
  {
   "category": "Media/News/Publishing", 
   "name": "Web Social Software", 
   "id": "1420681721557688"
  }, 
  {
   "category": "Product/Service", 
   "name": "Social Web TV. We socialize your passion", 
   "id": "285679378241848"
  }, 
  {
   "category": "Community", 
   "name": "Consulente Web Social Marketing", 
   "id": "1569815356573979"
  }, 
  {
   "category": "Company", 
   "name": "Social Web", 
   "id": "456664834354636"
  }, 
  {
   "category": "Internet/Software", 
   "name": "etrade.ba | Social Media & Web", 
   "category_list": [
    {
     "id": "200154933429705", 
     "name": "Web Development"
    }
   ], 
   "id": "217376194979375"
  }, 
  {
   "category": "Media/News/Publishing", 
   "name": "Web Social Palmares", 
   "category_list": [
    {
     "id": "2233", 
     "name": "Media/News/Publishing"
    }
   ], 
   "id": "267515243361878"
  }, 
  {
   "category": "Internet/Software", 
   "name": "Social Web Tools", 
   "id": "403059893050740"
  }, 
  {
   "category": "Company", 
   "name": "Social Webfashion", 
   "id": "476630749055988"
  }, 
  {
   "category": "Movie Character", 
   "name": "Social website", 
   "id": "206400919559635"
  }, 
  {
   "category": "Community", 
   "name": "Social web lead Dakar  biscuiterie", 
   "id": "557707754330768"
  }, 
  {
   "category": "Computers/Internet Website", 
   "name": "Social Web Talks", 
   "id": "316613681700247"
  }, 
  {
   "category": "Education", 
   "name": "Master Social Media e Digital Marketing", 
   "category_list": [
    {
     "id": "151676848220295", 
     "name": "Education"
    }
   ], 
   "id": "179550135412710"
  }, 
  {
   "category": "Consulting/Business Services", 
   "name": "Webfluence Social Media & Internet Marketing", 
   "category_list": [
    {
     "id": "206534229374185", 
     "name": "Email Marketing"
    }, 
    {
     "id": "170992992946914", 
     "name": "Marketing Consultant"
    }
   ], 
   "id": "112879788755706"
  }, 
  {
   "category": "Personal Blog", 
   "name": "Web-social.marketing", 
   "id": "1469299413303540"
  }, 
  {
   "category": "Consulting/Business Services", 
   "name": "Social Web Gym", 
   "category_list": [
    {
     "id": "185900881450649", 
     "name": "Personal Coaching"
    }
   ], 
   "id": "488323237847526"
  }, 
  {
   "category": "App Page", 
   "name": "Social Web to Print", 
   "id": "309361589082975"
  }, 
  {
   "category": "Consulting/Business Services", 
   "name": "iptaque, web social, formation", 
   "id": "241894749184616"
  }, 
  {
   "category": "Computers/Internet Website", 
   "name": "Qweboo \"Control Your Social Web\"", 
   "id": "146142715411167"
  }, 
  {
   "category": "Local Business", 
   "name": "Social Web Strategies", 
   "category_list": [
    {
     "id": "2500", 
     "name": "Local Business"
    }
   ], 
   "id": "8387137434"
  }, 
  {
   "category": "Community", 
   "name": "Social Web", 
   "id": "118119234870548"
  }, 
  {
   "category": "Community", 
   "name": "Social Web Shares", 
   "id": "666423320041020"
  }, 
  {
   "category": "Community", 
   "name": "Social Webinars", 
   "id": "97056087866"
  }, 
  {
   "category": "Internet/Software", 
   "name": "Social Webdesign", 
   "id": "220350687983200"
  }, 
  {
   "category": "Internet/Software", 
   "name": "Meta Social Web", 
   "id": "117185225027930"
  }, 
  {
   "category": "Professional Services", 
   "name": "Visibly Connected - Web Design, Social Media Manager, & SEO", 
   "category_list": [
    {
     "id": "187393124625179", 
     "name": "Web Design"
    }, 
    {
     "id": "170992992946914", 
     "name": "Marketing Consultant"
    }
   ], 
   "id": "190805541029564"
  }, 
  {
   "category": "Website", 
   "name": "Social Web", 
   "id": "275989642418291"
  }, 
  {
   "category": "Community", 
   "name": "Social web lead senegal", 
   "id": "344899405678326"
  }, 
  {
   "category": "Media/News/Publishing", 
   "name": "Social Web Brasil", 
   "id": "363231467061867"
  }, 
  {
   "category": "Website", 
   "name": "Social Web Blog", 
   "id": "120064018007609"
  }, 
  {
   "category": "Community Organization", 
   "name": "SocialWebConneXion.com", 
   "category_list": [
    {
     "id": "163272113725616", 
     "name": "Advertising Service"
    }, 
    {
     "id": "179672275401610", 
     "name": "Business Consultant"
    }, 
    {
     "id": "152880021441864", 
     "name": "Community Organization"
    }
   ], 
   "id": "636570933034875"
  }, 
  {
   "category": "Consulting/Business Services", 
   "name": "Mackey Digital - Web & Social Media Solutions", 
   "category_list": [
    {
     "id": "2248", 
     "name": "Consulting/Business Services"
    }
   ], 
   "id": "532009816944028"
  }, 
  {
   "category": "Professional Services", 
   "name": "Studio Castelli - Comunicazione, grafica, web, social strategies", 
   "category_list": [
    {
     "id": "164886566892249", 
     "name": "Advertising Agency"
    }
   ], 
   "id": "179814955402116"
  }, 
  {
   "category": "Small Business", 
   "name": "Unternehmensberatung Social Media Marketing Online Presse,", 
   "category_list": [
    {
     "id": "187215161312096", 
     "name": "Internet Service Provider"
    }
   ], 
   "id": "119593114740372"
  }, 
  {
   "category": "Radio Station", 
   "name": "R\u00e1dio Social Web", 
   "id": "357886887644210"
  }, 
  {
   "category": "Internet/Software", 
   "name": "Web2social", 
   "id": "127415450642739"
  }, 
  {
   "category": "News/Media Website", 
   "name": "Social Web Content", 
   "id": "293898797278"
  }, 
  {
   "category": "Website", 
   "name": "My Social Media Website", 
   "id": "265276823522152"
  }, 
  {
   "category": "Consulting/Business Services", 
   "name": "Whitedrop  Web Marketing Social", 
   "category_list": [
    {
     "id": "187393124625179", 
     "name": "Web Design"
    }, 
    {
     "id": "170992992946914", 
     "name": "Marketing Consultant"
    }, 
    {
     "id": "200154933429705", 
     "name": "Web Development"
    }
   ], 
   "id": "681921881866837"
  }, 
  {
   "category": "Education", 
   "name": "Social Web Class", 
   "id": "335936979775976"
  }, 
  {
   "category": "Internet/Software", 
   "name": "Dise\u00f1o Web, Social Media e-mandinga", 
   "category_list": [
    {
     "id": "200154933429705", 
     "name": "Web Development"
    }
   ], 
   "id": "171948265971"
  }, 
  {
   "category": "Product/Service", 
   "name": "Eguino Social Web", 
   "id": "114206991977394"
  }, 
  {
   "category": "Home Improvement", 
   "name": "Websites & Social Media", 
   "category_list": [
    {
     "id": "108427109235243", 
     "name": "Home Improvement"
    }
   ], 
   "id": "213642188759243"
  }, 
  {
   "category": "Community", 
   "name": "Social Web Radio", 
   "id": "475467449159751"
  }, 
  {
   "category": "Internet/Software", 
   "name": "Schreckgespenster Webdesign & Social Media Marketing", 
   "id": "707284739354883"
  }, 
  {
   "category": "Community", 
   "name": "FAS Web Social Media", 
   "id": "1493787250907673"
  }, 
  {
   "category": "Internet/Software", 
   "name": "Web Social", 
   "id": "481173118576926"
  }, 
  {
   "category": "TV/Movie Award", 
   "name": "Social/website", 
   "id": "1592574544312785"
  }, 
  {
   "category": "Interest", 
   "name": "Social website", 
   "id": "198566960212311"
  }, 
  {
   "category": "Local Business", 
   "name": "Web1 Social Media", 
   "category_list": [
    {
     "id": "2500", 
     "name": "Local Business"
    }
   ], 
   "id": "119307778101744"
  }, 
  {
   "category": "Internet/Software", 
   "name": "Social Web Promotions", 
   "id": "234335963269949"
  }, 
  {
   "category": "Internet/Software", 
   "name": "Web Labs - Social Media Team", 
   "category_list": [
    {
     "id": "164886566892249", 
     "name": "Advertising Agency"
    }
   ], 
   "id": "1378760945677870"
  }, 
  {
   "category": "Community", 
   "name": "Social web lead dakar  hann mariste", 
   "id": "824163074271203"
  }, 
  {
   "category": "Local Business", 
   "name": "Barclay Jones - Recruitment Technology and Social Media", 
   "category_list": [
    {
     "id": "179672275401610", 
     "name": "Business Consultant"
    }
   ], 
   "id": "104235069630517"
  }, 
  {
   "category": "Community", 
   "name": "Web Social Consultery", 
   "id": "910500438966224"
  }, 
  {
   "category": "Community Organization", 
   "name": "Go Long Island - The Social Website for Long Island", 
   "id": "118029078273421"
  }, 
  {
   "category": "Community", 
   "name": "Social web lead dakar dieupeul derkle", 
   "id": "386488081503891"
  }, 
  {
   "category": "Education", 
   "name": "Lauren Webb - A Social Studies Life", 
   "category_list": [
    {
     "id": "108557642554592", 
     "name": "Educational Service"
    }
   ], 
   "id": "500943803329283"
  }, 
  {
   "category": "Computers/Internet Website", 
   "name": "Website Design Tutorials And Social Media Marketing", 
   "id": "418218642781"
  }, 
  {
   "category": "Entertainment Website", 
   "name": "WeBaloch - First Balochi Social Network", 
   "id": "310645388963015"
  }, 
  {
   "category": "Community", 
   "name": "Social Responsibility Web TV", 
   "id": "159723424059236"
  }, 
  {
   "category": "Professional Services", 
   "name": "Free Social Media Webinars", 
   "id": "1388018764754564"
  }, 
  {
   "category": "Community", 
   "name": "Social Web Solutions", 
   "id": "206788172841236"
  }, 
  {
   "category": "Internet/Software", 
   "name": "Social Pattern - The Web Mistake", 
   "id": "627093977420952"
  }, 
  {
   "category": "TV Show", 
   "name": "Social Dreams: Web Series", 
   "id": "612698088813986"
  }, 
  {
   "category": "Education", 
   "name": "Aprende Web Social", 
   "id": "826526880774147"
  }, 
  {
   "category": "Consulting/Business Services", 
   "name": "Emma Fern\u00e1ndez \u00b7SEO \u00b7 Web \u00b7Social Media", 
   "category_list": [
    {
     "id": "108472109230615", 
     "name": "Computer Services"
    }, 
    {
     "id": "187215161312096", 
     "name": "Internet Service Provider"
    }, 
    {
     "id": "367960506579477", 
     "name": "Arts & Marketing"
    }
   ], 
   "id": "658425767604330"
  }, 
  {
   "category": "Internet/Software", 
   "name": "Webmates", 
   "id": "474170526056354"
  }, 
  {
   "category": "Company", 
   "name": "Webnatics \u0e40\u0e27\u0e47\u0e1a\u0e40\u0e19\u0e15\u0e34\u0e01\u0e2a\u0e4c : \u0e2b\u0e32\u0e25\u0e39\u0e01\u0e04\u0e49\u0e32\u0e43\u0e2b\u0e21\u0e48\u0e14\u0e49\u0e27\u0e22 GoogleAdwords, SEO, SocialNetwork", 
   "id": "188397967878735"
  }, 
  {
   "category": "Business Person", 
   "name": "Webdesign, Social Media and Online-Marketing for Real Estate Projects", 
   "id": "151733308230709"
  }, 
  {
   "category": "Church/Religious Organization", 
   "name": "Kirche im Web 2.0 / Social Media", 
   "id": "161519650568794"
  }, 
  {
   "category": "Internet/Software", 
   "name": "ICTIP - Online Marketing, Social Media Management and Web Development", 
   "category_list": [
    {
     "id": "187393124625179", 
     "name": "Web Design"
    }, 
    {
     "id": "200154933429705", 
     "name": "Web Development"
    }
   ], 
   "id": "147188657823"
  }, 
  {
   "category": "Book", 
   "name": "NB MANAUS M\u00cdDIA DE REDE SOCIAL WEB MARKETING", 
   "id": "188543311235725"
  }, 
  {
   "category": "Local Business", 
   "name": "Biz Social Webdesign / Web Design by Jenn", 
   "category_list": [
    {
     "id": "187393124625179", 
     "name": "Web Design"
    }
   ], 
   "id": "115395771827453"
  }, 
  {
   "category": "Consulting/Business Services", 
   "name": "Social Web Communication", 
   "id": "712032982208651"
  }, 
  {
   "category": "Professional Services", 
   "name": "WebSpot Social", 
   "id": "175322602545416"
  }, 
  {
   "category": "Internet/Software", 
   "name": "4webs", 
   "id": "570566936379262"
  }, 
  {
   "category": "Media/News/Publishing", 
   "name": "Elite Blogging, Websites & Social Media", 
   "id": "1638045739742951"
  }, 
  {
   "category": "Book", 
   "name": "Personalsuche im Social Web", 
   "id": "202329819852360"
  }, 
  {
   "category": "Media/News/Publishing", 
   "name": "DEGRAFIK - Social Media and Website Management", 
   "id": "113648292011480"
  }, 
  {
   "category": "Community", 
   "name": "Social Webs Likes And Fans Service", 
   "id": "817713454916961"
  }, 
  {
   "category": "Community", 
   "name": "Social & Web", 
   "id": "210891895758876"
  }, 
  {
   "category": "Small Business", 
   "name": "Ignite Social Web", 
   "id": "124131750957589"
  }, 
  {
   "category": "Artist", 
   "name": "Ion Gonzaga, The Social Web Designer", 
   "id": "120679007979099"
  }, 
  {
   "category": "Local Business", 
   "name": "~ SocialFly ~ Dise\u00f1o Web 2.0", 
   "category_list": [
    {
     "id": "187393124625179", 
     "name": "Web Design"
    }, 
    {
     "id": "206534229374185", 
     "name": "Email Marketing"
    }, 
    {
     "id": "200154933429705", 
     "name": "Web Development"
    }
   ], 
   "id": "317064404977552"
  }, 
  {
   "category": "Business Services", 
   "name": "Boxless Media - Social Media & Web", 
   "category_list": [
    {
     "id": "170992992946914", 
     "name": "Marketing Consultant"
    }
   ], 
   "id": "150063728530867"
  }, 
  {
   "category": "Arts/Humanities Website", 
   "name": "Web social", 
   "id": "1045502382126661"
  }, 
  {
   "category": "Consulting/Business Services", 
   "name": "Leading Logic - Web, Social, Marketing, Design", 
   "category_list": [
    {
     "id": "2248", 
     "name": "Consulting/Business Services"
    }
   ], 
   "id": "136481676384923"
  }, 
  {
   "category": "Internet/Software", 
   "name": "Esbie Web & Social Media", 
   "id": "327406427374649"
  }, 
  {
   "category": "Internet/Software", 
   "name": "Marketing Social Web", 
   "id": "317803944941323"
  }, 
  {
   "category": "Community", 
   "name": "Social Media Webinars and Seminars", 
   "id": "640189532715173"
  }, 
  {
   "category": "Consulting/Business Services", 
   "name": "ESG89 Web & Social Factory", 
   "category_list": [
    {
     "id": "2248", 
     "name": "Consulting/Business Services"
    }
   ], 
   "id": "1407578076202221"
  }, 
  {
   "category": "Website", 
   "name": "Social Web Q and A", 
   "id": "433133770070530"
  }, 
  {
   "category": "Internet/Software", 
   "name": "Sikuro Web & Web Social Marketing", 
   "id": "116990318484769"
  }, 
  {
   "category": "Media/News/Publishing", 
   "name": "Caroline Webb - Digital & Social Media", 
   "id": "219957014881658"
  }, 
  {
   "category": "Website", 
   "name": "ABDLmatch.com - Your ABDL Dating & Social Network Website", 
   "id": "156913127790511"
  }, 
  {
   "category": "Internet/Software", 
   "name": "Social Media & Websites", 
   "id": "278572212299892"
  }, 
  {
   "category": "Consulting/Business Services", 
   "name": "Netika - web social", 
   "id": "1528730477394644"
  }, 
  {
   "category": "App Page", 
   "name": "Web Social Mania", 
   "id": "445746788774576"
  }, 
  {
   "category": "Company", 
   "name": "SocialWeb Consulting", 
   "id": "177391935634180"
  }, 
  {
   "category": "Consulting/Business Services", 
   "name": "Dise\u00f1o Web + Social Media", 
   "id": "957099914323557"
  }, 
  {
   "category": "Community", 
   "name": "Authors on social web", 
   "id": "367184530117710"
  }, 
  {
   "category": "Community", 
   "name": "Social web lead dakar m\u00e9dina", 
   "id": "662546880510024"
  }, 
  {
   "category": "Internet/Software", 
   "name": "APclick - social media marketing e web writing", 
   "category_list": [
    {
     "id": "170992992946914", 
     "name": "Marketing Consultant"
    }, 
    {
     "id": "200154933429705", 
     "name": "Web Development"
    }
   ], 
   "id": "171645079640594"
  }, 
  {
   "category": "Business Services", 
   "name": "Website Social Media Development", 
   "category_list": [
    {
     "id": "200154933429705", 
     "name": "Web Development"
    }
   ], 
   "id": "522531034450480"
  }, 
  {
   "category": "Website", 
   "name": "Social/News/Culture Website", 
   "id": "1450059198607934"
  }, 
  {
   "category": "Internet/Software", 
   "name": "20BIT - Social Media, Web, Advertising", 
   "id": "201790113232559"
  }, 
  {
   "category": "Local Business", 
   "name": "WebSocialTraffic", 
   "id": "19939664284"
  }, 
  {
   "category": "Community", 
   "name": "Social Web Guide", 
   "id": "139130086152214"
  }, 
  {
   "category": "Business Services", 
   "name": "Monea Social Web Marketing", 
   "category_list": [
    {
     "id": "163272113725616", 
     "name": "Advertising Service"
    }, 
    {
     "id": "170992992946914", 
     "name": "Marketing Consultant"
    }, 
    {
     "id": "206534229374185", 
     "name": "Email Marketing"
    }
   ], 
   "id": "576009755850788"
  }, 
  {
   "category": "Business/Economy Website", 
   "name": "Social Website", 
   "id": "856100387806037"
  }, 
  {
   "category": "Society/Culture Website", 
   "name": "Wedding Social Networking, Free Wedding Websites", 
   "id": "187276274416"
  }, 
  {
   "category": "Computers/Technology", 
   "name": "Katink web design & social media", 
   "category_list": [
    {
     "id": "187393124625179", 
     "name": "Web Design"
    }, 
    {
     "id": "200154933429705", 
     "name": "Web Development"
    }
   ], 
   "id": "400114793423652"
  }, 
  {
   "category": "Website", 
   "name": "Mike Mueller: Marketing, Web Design, & Social Media Consultation", 
   "id": "50818804012"
  }, 
  {
   "category": "Professional Services", 
   "name": "Social Tomeito - Web, App y Publicidad Online", 
   "id": "166490826827066"
  }, 
  {
   "category": "Internet/Software", 
   "name": "WebKit - Social Networks, E-commerce, Web Development", 
   "id": "96394316810"
  }, 
  {
   "category": "Website", 
   "name": "No T\u00e9dio Social Web Links", 
   "id": "162519380529668"
  }, 
  {
   "category": "News/Media Website", 
   "name": "The Church Of Nigeria: Anglican Communion - Akure Diocese (Social Webpage)", 
   "id": "143748352345882"
  }, 
  {
   "category": "Website", 
   "name": "SocialProofWeb", 
   "id": "475543625793316"
  }, 
  {
   "category": "Product/Service", 
   "name": "Webmeister Social SEO", 
   "id": "653130718079993"
  }, 
  {
   "category": "Local Business", 
   "name": "Internet Builder Consulting Websites, SEO & Social Marketing Experts", 
   "category_list": [
    {
     "id": "179672275401610", 
     "name": "Business Consultant"
    }, 
    {
     "id": "187393124625179", 
     "name": "Web Design"
    }, 
    {
     "id": "200154933429705", 
     "name": "Web Development"
    }
   ], 
   "id": "442967842428284"
  }, 
  {
   "category": "Just For Fun", 
   "name": "Social web balls.", 
   "id": "277644225667373"
  }, 
  {
   "category": "Internet/Software", 
   "name": "Creazion - Dise\u00f1o Web - Social Media", 
   "id": "440005512823403"
  }, 
  {
   "category": "Book", 
   "name": "Social Web im Tourismus - Das Buch", 
   "id": "159839327368330"
  }, 
  {
   "category": "Internet/Software", 
   "name": "SocialEnterpriseWebsites.com", 
   "id": "208744325821683"
  }, 
  {
   "category": "Product/Service", 
   "name": "Leaping AHEAD - Websites & Social Media Marketing", 
   "id": "123538827680852"
  }, 
  {
   "category": "Entertainment Website", 
   "name": "Social Web Games", 
   "id": "303818923034509"
  }, 
  {
   "category": "Community", 
   "name": "WebdDee Social Community", 
   "id": "134952703245683"
  }, 
  {
   "category": "Professional Services", 
   "name": "Greenwich Social Media", 
   "category_list": [
    {
     "id": "200154933429705", 
     "name": "Web Development"
    }, 
    {
     "id": "187393124625179", 
     "name": "Web Design"
    }
   ], 
   "id": "1645890552310102"
  }, 
  {
   "category": "Computers/Technology", 
   "name": "Social Web", 
   "category_list": [
    {
     "id": "164886566892249", 
     "name": "Advertising Agency"
    }, 
    {
     "id": "187393124625179", 
     "name": "Web Design"
    }, 
    {
     "id": "206534229374185", 
     "name": "Email Marketing"
    }
   ], 
   "id": "855789144487247"
  }, 
  {
   "category": "Internet/Software", 
   "name": "Social-Work Web", 
   "category_list": [
    {
     "id": "2256", 
     "name": "Internet/Software"
    }
   ], 
   "id": "243859642426303"
  }, 
  {
   "category": "Internet/Software", 
   "name": "Grafdom - Web Design & Social Media", 
   "category_list": [
    {
     "id": "187393124625179", 
     "name": "Web Design"
    }, 
    {
     "id": "164886566892249", 
     "name": "Advertising Agency"
    }, 
    {
     "id": "170992992946914", 
     "name": "Marketing Consultant"
    }
   ], 
   "id": "190124415513"
  }, 
  {
   "category": "Company", 
   "name": "Social Web CT", 
   "id": "133897929978754"
  }, 
  {
   "category": "Professional Services", 
   "name": "Local Social Web", 
   "category_list": [
    {
     "id": "176831012360626", 
     "name": "Professional Services"
    }
   ], 
   "id": "292125494205150"
  }, 
  {
   "category": "Consulting/Business Services", 
   "name": "Rory Martin Seattle Web Design and Social Media", 
   "id": "198472820260168"
  }, 
  {
   "category": "News/Media Website", 
   "name": "La Psych\u00e9 du Web Social", 
   "id": "226268934063345"
  }, 
  {
   "category": "Company", 
   "name": "Wesome Web & Social Media solutions", 
   "id": "540823335945236"
  }, 
  {
   "category": "Community", 
   "name": "Webtransfer - red social de prestamos", 
   "id": "343749062487719"
  }, 
  {
   "category": "Computers/Technology", 
   "name": "Social Media Webster", 
   "id": "416689008392125"
  }, 
  {
   "category": "Computers/Internet Website", 
   "name": "Web Traffic & Social Networking", 
   "id": "159898507447542"
  }, 
  {
   "category": "Company", 
   "name": "Social Media Marketing Webinars", 
   "id": "540435662760549"
  }, 
  {
   "category": "Company", 
   "name": "SW Social Web", 
   "id": "209972042367716"
  }, 
  {
   "category": "Computers/Technology", 
   "name": "Websites and Social Media Pty Ltd", 
   "category_list": [
    {
     "id": "187393124625179", 
     "name": "Web Design"
    }, 
    {
     "id": "200154933429705", 
     "name": "Web Development"
    }
   ], 
   "id": "645332448912697"
  }, 
  {
   "category": "Community", 
   "name": "Social web lead diass sindia", 
   "id": "816594321715390"
  }, 
  {
   "category": "Local Business", 
   "name": "WEB2NULL.at - Social Media WebDesign Agentur", 
   "category_list": [
    {
     "id": "187215161312096", 
     "name": "Internet Service Provider"
    }
   ], 
   "id": "107423162613389"
  }, 
  {
   "category": "Professional Services", 
   "name": "Elliottsweb - Website Design, SEO and Social Media Marketing", 
   "category_list": [
    {
     "id": "176831012360626", 
     "name": "Professional Services"
    }
   ], 
   "id": "324412657671756"
  }, 
  {
   "category": "Company", 
   "name": "Hi Fi Social Web", 
   "id": "196298563744277"
  }, 
  {
   "category": "Community", 
   "name": "Web COmmunities for Statistics for Social Innovation", 
   "id": "1398644970370772"
  }, 
  {
   "category": "Just For Fun", 
   "name": "Megalast.webs.com Social", 
   "id": "264097790271896"
  }, 
  {
   "category": "Consulting/Business Services", 
   "name": "Social Media & Website Solutions by 108 degrees", 
   "id": "125953907477790"
  }, 
  {
   "category": "Computers/Internet Website", 
   "name": "Seclang \"Social Networking Website\"", 
   "id": "127425098113"
  }, 
  {
   "category": "Company", 
   "name": "More Cabbage Social PR, Branding, & Websites", 
   "category_list": [
    {
     "id": "187393124625179", 
     "name": "Web Design"
    }, 
    {
     "id": "170992992946914", 
     "name": "Marketing Consultant"
    }, 
    {
     "id": "163272113725616", 
     "name": "Advertising Service"
    }
   ], 
   "id": "216734806323"
  }, 
  {
   "category": "Consulting/Business Services", 
   "name": "Mi Web Social", 
   "id": "1546362885620833"
  }, 
  {
   "category": "Business Services", 
   "name": "L'Operosa Social Web", 
   "category_list": [
    {
     "id": "170992992946914", 
     "name": "Marketing Consultant"
    }, 
    {
     "id": "187393124625179", 
     "name": "Web Design"
    }, 
    {
     "id": "200154933429705", 
     "name": "Web Development"
    }
   ], 
   "id": "259629940911495"
  }, 
  {
   "category": "Business Services", 
   "name": "Business Social Web Management", 
   "id": "843854045676383"
  }, 
  {
   "category": "Consulting/Business Services", 
   "name": "Web & Social Marketing", 
   "category_list": [
    {
     "id": "2248", 
     "name": "Consulting/Business Services"
    }
   ], 
   "id": "308128076037839"
  }, 
  {
   "category": "Consulting/Business Services", 
   "name": "BEQO - Social Media Marketing, Suchmaschinenoptimierung und Webdesign", 
   "category_list": [
    {
     "id": "2248", 
     "name": "Consulting/Business Services"
    }
   ], 
   "id": "1480520672178086"
  }, 
  {
   "category": "Community", 
   "name": "WebSocial", 
   "id": "223113717714513"
  }, 
  {
   "category": "Internet/Software", 
   "name": "Design Social Web", 
   "id": "301443150054791"
  }, 
  {
   "category": "Software", 
   "name": "Fimark's Family Reunion Planner Social Web App", 
   "id": "119054884844075"
  }, 
  {
   "category": "Internet/Software", 
   "name": "DL Web e Social Marketing", 
   "category_list": [
    {
     "id": "170992992946914", 
     "name": "Marketing Consultant"
    }
   ], 
   "id": "583632948436409"
  }, 
  {
   "category": "News/Media Website", 
   "name": "Web Marketing et Communication Social Media", 
   "id": "488498934539529"
  }, 
  {
   "category": "Local Business", 
   "name": "CREAKTIVA - publicidad \u2022 dise\u00f1o web \u2022 gr\u00e1fico \u2022 social media", 
   "category_list": [
    {
     "id": "2500", 
     "name": "Local Business"
    }
   ], 
   "id": "146914405366023"
  }, 
  {
   "category": "Media/News/Publishing", 
   "name": "SociablWeb - Social Media News, SEO Tips", 
   "id": "446376028729715"
  }, 
  {
   "category": "Community", 
   "name": "All Social Web", 
   "id": "182389758601535"
  }, 
  {
   "category": "Computers/Technology", 
   "name": "Digital For Dummies | Social, Web & other Technical Stuff", 
   "id": "476313985731653"
  }, 
  {
   "category": "Small Business", 
   "name": "Social Bee Web Marketing and Design", 
   "id": "187494864706626"
  }, 
  {
   "category": "University", 
   "name": "Master Universitario in \"Web communication & social media\"", 
   "category_list": [
    {
     "id": "108051929285833", 
     "name": "College & University"
    }
   ], 
   "id": "291350937559881"
  }, 
  {
   "category": "Local Business", 
   "name": "The Web", 
   "category_list": [
    {
     "id": "215343825145859", 
     "name": "Social Club"
    }
   ], 
   "id": "304775972959684"
  }, 
  {
   "category": "Business Services", 
   "name": "Kali's Web & Social Management", 
   "category_list": [
    {
     "id": "187393124625179", 
     "name": "Web Design"
    }
   ], 
   "id": "1457097614589756"
  }, 
  {
   "category": "Consulting/Business Services", 
   "name": "Lead Social", 
   "category_list": [
    {
     "id": "170992992946914", 
     "name": "Marketing Consultant"
    }, 
    {
     "id": "206534229374185", 
     "name": "Email Marketing"
    }, 
    {
     "id": "164886566892249", 
     "name": "Advertising Agency"
    }
   ], 
   "id": "533745720000071"
  }, 
  {
   "category": "Local Business", 
   "name": "Spida's Web", 
   "category_list": [
    {
     "id": "215343825145859", 
     "name": "Social Club"
    }
   ], 
   "id": "802134259817667"
  }, 
  {
   "category": "Community", 
   "name": "Webassurance.org - Social Media & Internet for Insurance & Takaful", 
   "id": "132191463490119"
  }, 
  {
   "category": "Computers/Internet Website", 
   "name": "Web Social Media", 
   "id": "208713579252761"
  }, 
  {
   "category": "Consulting/Business Services", 
   "name": "Advertwork - Website & Social Media Marketing", 
   "id": "470543823055800"
  }, 
  {
   "category": "Website", 
   "name": "Latin Web Social", 
   "id": "144860758877785"
  }, 
  {
   "category": "Community", 
   "name": "The Social website", 
   "id": "589656507795788"
  }, 
  {
   "category": "Product/Service", 
   "name": "Social Web Week Connecticut", 
   "id": "128455980522180"
  }, 
  {
   "category": "Website", 
   "name": "Web Social Shares", 
   "id": "1595281034060910"
  }, 
  {
   "category": "Personal Website", 
   "name": "V Crown Social website", 
   "id": "509251595812044"
  }, 
  {
   "category": "Business Services", 
   "name": "Web Social Marketing", 
   "category_list": [
    {
     "id": "187133811318958", 
     "name": "Business Services"
    }
   ], 
   "id": "162081643861223"
  }, 
  {
   "category": "Computers/Internet Website", 
   "name": "SeashoreWeb Social Media Marketing", 
   "id": "106838049410541"
  }, 
  {
   "category": "Consulting/Business Services", 
   "name": "Palm Springs TRU Websites/Social Media", 
   "id": "1454453034787354"
  }, 
  {
   "category": "Internet/Software", 
   "name": "Social Web Ecosystem", 
   "id": "186923664693877"
  }, 
  {
   "category": "Community", 
   "name": "Social-Web-Kolleg", 
   "id": "358641227508970"
  }, 
  {
   "category": "Community", 
   "name": "Laboratorio de Bibliotecas Argentinas en la Web Social", 
   "id": "1406826779576696"
  }, 
  {
   "category": "Consulting/Business Services", 
   "name": "The Social Web Company", 
   "id": "460355617439986"
  }, 
  {
   "category": "Company", 
   "name": "Right Track Media - Web Design, Social Media, Video", 
   "category_list": [
    {
     "id": "187393124625179", 
     "name": "Web Design"
    }, 
    {
     "id": "206534229374185", 
     "name": "Email Marketing"
    }, 
    {
     "id": "162183907165552", 
     "name": "Graphic Design"
    }
   ], 
   "id": "883116528376991"
  }, 
  {
   "category": "Community", 
   "name": "Social Web Real Estate", 
   "id": "164269200441810"
  }, 
  {
   "category": "Website", 
   "name": "Social-Football.de - Fussballstars im Social Web", 
   "id": "1602322676690491"
  }, 
  {
   "category": "Computers/Technology", 
   "name": "Fresh - Social media, web & adv", 
   "category_list": [
    {
     "id": "187393124625179", 
     "name": "Web Design"
    }, 
    {
     "id": "164886566892249", 
     "name": "Advertising Agency"
    }
   ], 
   "id": "524185097668322"
  }, 
  {
   "category": "Internet/Software", 
   "name": "Bonobo - Web & Social Media", 
   "id": "185366164983180"
  }, 
  {
   "category": "Community", 
   "name": "Webchat.my IRC Social Network", 
   "id": "398080426963854"
  }, 
  {
   "category": "Media/News/Publishing", 
   "name": "Paranormal Minds-\"A Social Media Webcast\"", 
   "id": "456473431065014"
  }, 
  {
   "category": "Local Business", 
   "name": "Social Web Consulting Test Page", 
   "category_list": [
    {
     "id": "2500", 
     "name": "Local Business"
    }
   ], 
   "id": "159918207405302"
  }, 
  {
   "category": "Professional Services", 
   "name": "RedHot Design | Web Designers + Social Media Strategists", 
   "category_list": [
    {
     "id": "187393124625179", 
     "name": "Web Design"
    }, 
    {
     "id": "163272113725616", 
     "name": "Advertising Service"
    }
   ], 
   "id": "100306133360993"
  }, 
  {
   "category": "Community", 
   "name": "B2B Web Social", 
   "id": "1623310654563603"
  }, 
  {
   "category": "Local Business", 
   "name": "Web & Social", 
   "id": "229579083743042"
  }, 
  {
   "category": "Education", 
   "name": "Web ENSFLLA Social", 
   "id": "218781014813739"
  }, 
  {
   "category": "Company", 
   "name": "WEB Social Global", 
   "id": "686324361511474"
  }, 
  {
   "category": "University", 
   "name": "Gardner-Webb Social Sciences Department", 
   "id": "1421817568132990"
  }, 
  {
   "category": "News/Media Website", 
   "name": "Social Media and Mobile Web Insights", 
   "id": "599028790152527"
  }, 
  {
   "category": "Internet/Software", 
   "name": "MoreSocial", 
   "id": "414546958696402"
  }, 
  {
   "category": "Non-Profit Organization", 
   "name": "Social web lead ngor yoff", 
   "id": "819160111500449"
  }, 
  {
   "category": "Telecommunication", 
   "name": "Web Social Media", 
   "id": "806059529441360"
  }, 
  {
   "category": "App Page", 
   "name": "Social Media Marketing using FB Websites", 
   "id": "472727666074315"
  }, 
  {
   "category": "Local Business", 
   "name": "Consulenza Web Social Marketing", 
   "category_list": [
    {
     "id": "187393124625179", 
     "name": "Web Design"
    }, 
    {
     "id": "200154933429705", 
     "name": "Web Development"
    }, 
    {
     "id": "170992992946914", 
     "name": "Marketing Consultant"
    }
   ], 
   "id": "1426836654245988"
  }, 
  {
   "category": "News/Media Website", 
   "name": "Social Web Marketing Italia", 
   "id": "835827246464525"
  }, 
  {
   "category": "Community", 
   "name": "Social Web Developer", 
   "id": "775336555846648"
  }, 
  {
   "category": "Business Services", 
   "name": "Cultivate Web and Social", 
   "category_list": [
    {
     "id": "187393124625179", 
     "name": "Web Design"
    }, 
    {
     "id": "162183907165552", 
     "name": "Graphic Design"
    }, 
    {
     "id": "358483060859947", 
     "name": "Startup"
    }
   ], 
   "id": "708700915923625"
  }, 
  {
   "category": "Community", 
   "name": "Social Web Syndic", 
   "id": "1054014914625758"
  }, 
  {
   "category": "Website", 
   "name": "Web Social Shares 3", 
   "id": "877768845627602"
  }, 
  {
   "category": "Local Business", 
   "name": "Quisk Design - Websites, Branding & Social Media", 
   "category_list": [
    {
     "id": "187393124625179", 
     "name": "Web Design"
    }, 
    {
     "id": "200154933429705", 
     "name": "Web Development"
    }, 
    {
     "id": "162183907165552", 
     "name": "Graphic Design"
    }
   ], 
   "id": "328671177050"
  }, 
  {
   "category": "Community", 
   "name": "WebSocial", 
   "id": "787573591283803"
  }, 
  {
   "category": "Computers/Internet Website", 
   "name": "The Social Media Web Genie", 
   "id": "537321239622767"
  }, 
  {
   "category": "Organization", 
   "name": "SowSkills - Social-Web-Skills for eldery people", 
   "id": "225477664142196"
  }, 
  {
   "category": "Community", 
   "name": "Social Web Graphics", 
   "id": "194215723940053"
  }, 
  {
   "category": "App Page", 
   "name": "Himbaface social web application", 
   "id": "339474376250286"
  }, 
  {
   "category": "News/Media Website", 
   "name": "Social Web Media", 
   "id": "198866480158068"
  }, 
  {
   "category": "Community", 
   "name": "Argetim & Social Web", 
   "id": "904402742938569"
  }, 
  {
   "category": "Entertainment Website", 
   "name": "Clases de lo social - La Webserie", 
   "id": "280735022054806"
  }, 
  {
   "category": "Community", 
   "name": "Social Media Website", 
   "id": "676301869068773"
  }, 
  {
   "category": "Business Person", 
   "name": "PaulMatadeen.com for Revolutionary Websites, Social Media, Videos, PR", 
   "id": "278807242146350"
  }, 
  {
   "category": "Community", 
   "name": "Federated Social Web", 
   "id": "117548264997115"
  }, 
  {
   "category": "Internet/Software", 
   "name": "Webinars sobre Social Media en espa\u00f1ol", 
   "id": "518689054938898"
  }, 
  {
   "category": "Community", 
   "name": "Huelva 2.0 Web Social Onubense", 
   "id": "138869629498019"
  }, 
  {
   "category": "Product/Service", 
   "name": "Mr Webinators |  Social Media Professional | Wahooligan's Wall", 
   "id": "317645416802"
  }, 
  {
   "category": "Computers/Internet Website", 
   "name": "End of Line Magazine - Social, web, dev", 
   "id": "173676026024784"
  }, 
  {
   "category": "Entertainment Website", 
   "name": "Social Networking Website", 
   "id": "840929675995717"
  }, 
  {
   "category": "Business/Economy Website", 
   "name": "Earn money from social websites", 
   "id": "362351687171257"
  }, 
  {
   "category": "Internet/Software", 
   "name": "Mybusinessonline.co.uk - Managed Websites & Social Media Marketing", 
   "id": "1387567281573461"
  }, 
  {
   "category": "Website", 
   "name": "MultiWeb Social Media", 
   "id": "421539101336814"
  }, 
  {
   "category": "Consulting/Business Services", 
   "name": "SEO Workers - Forensic SEO & Social Semantic Web Consulting", 
   "category_list": [
    {
     "id": "170992992946914", 
     "name": "Marketing Consultant"
    }
   ], 
   "id": "22362057425"
  }, 
  {
   "category": "Internet/Software", 
   "name": "Wipple- SEO, Social Media, Website Design", 
   "category_list": [
    {
     "id": "170992992946914", 
     "name": "Marketing Consultant"
    }, 
    {
     "id": "179672275401610", 
     "name": "Business Consultant"
    }, 
    {
     "id": "163272113725616", 
     "name": "Advertising Service"
    }
   ], 
   "id": "123660637714251"
  }, 
  {
   "category": "Education", 
   "name": "Master in Social Media e Web Community Manager", 
   "category_list": [
    {
     "id": "186998168001766", 
     "name": "Private School"
    }
   ], 
   "id": "298574890156815"
  }, 
  {
   "category": "Website", 
   "name": "Exploding Web Design and Social", 
   "id": "1592890827596653"
  }, 
  {
   "category": "Internet/Software", 
   "name": "Social Media On The Web", 
   "id": "155217227871015"
  }, 
  {
   "category": "Website", 
   "name": "Social Media Webinar", 
   "id": "119970001420128"
  }, 
  {
   "category": "Company", 
   "name": "SEO Social Media and Website Content Services", 
   "id": "542491149226265"
  }, 
  {
   "category": "Personal Website", 
   "name": "Social Web Monitoring", 
   "id": "111019338966579"
  }, 
  {
   "category": "Website", 
   "name": "New Vision of Social Websites", 
   "id": "130323103709937"
  }, 
  {
   "category": "Internet/Software", 
   "name": "Modo web & social media", 
   "category_list": [
    {
     "id": "187393124625179", 
     "name": "Web Design"
    }, 
    {
     "id": "200154933429705", 
     "name": "Web Development"
    }
   ], 
   "id": "455357827936421"
  }, 
  {
   "category": "Teens/Kids Website", 
   "name": "Web Social", 
   "id": "439935936081318"
  }, 
  {
   "category": "Internet/Software", 
   "name": "Eager Beaver Media: Web, social media and SEO for businesses", 
   "id": "162283363841443"
  }, 
  {
   "category": "Internet/Software", 
   "name": "Vofer Websites & Social Media SEO", 
   "id": "219940091463709"
  }, 
  {
   "category": "Media/News/Publishing", 
   "name": "Ag\u00eancia WEB | Social", 
   "id": "201710863209527"
  }, 
  {
   "category": "Internet/Software", 
   "name": "Elliottsweb | Miami Website Design | SEO | Social Media Experts", 
   "category_list": [
    {
     "id": "2256", 
     "name": "Internet/Software"
    }
   ], 
   "id": "222342297805673"
  }, 
  {
   "category": "Website", 
   "name": "WebCamSocial.com", 
   "id": "193570570659564"
  }, 
  {
   "category": "Small Business", 
   "name": "Socialwebmedia.ca", 
   "category_list": [
    {
     "id": "187393124625179", 
     "name": "Web Design"
    }, 
    {
     "id": "170992992946914", 
     "name": "Marketing Consultant"
    }
   ], 
   "id": "571629912898259"
  }, 
  {
   "category": "Local Business", 
   "name": "Global Vision Web &  Social Media Company", 
   "category_list": [
    {
     "id": "187393124625179", 
     "name": "Web Design"
    }, 
    {
     "id": "200154933429705", 
     "name": "Web Development"
    }
   ], 
   "id": "143631244740"
  }, 
  {
   "category": "Professional Services", 
   "name": "5th Gear Web Photo Social", 
   "category_list": [
    {
     "id": "200154933429705", 
     "name": "Web Development"
    }, 
    {
     "id": "181475575221097", 
     "name": "Photographer"
    }
   ], 
   "id": "135480773315970"
  }, 
  {
   "category": "TV Show", 
   "name": "Social Web Cafe TV", 
   "id": "149184731910179"
  }, 
  {
   "category": "Business Services", 
   "name": "SocialMedia Designs", 
   "category_list": [
    {
     "id": "170992992946914", 
     "name": "Marketing Consultant"
    }, 
    {
     "id": "187393124625179", 
     "name": "Web Design"
    }, 
    {
     "id": "162183907165552", 
     "name": "Graphic Design"
    }
   ], 
   "id": "173876899342866"
  }, 
  {
   "category": "Interest", 
   "name": "Social networking websites", 
   "id": "110559135638445"
  }, 
  {
   "category": "Consulting/Business Services", 
   "name": "Socialwebmax", 
   "id": "109336552565965"
  }, 
  {
   "category": "Non-Profit Organization", 
   "name": "Sarah Webster Fabio Center for Social Justice", 
   "category_list": [
    {
     "id": "2603", 
     "name": "Non-Profit Organization"
    }
   ], 
   "id": "662567650459545"
  }, 
  {
   "category": "Community", 
   "name": "Social Media Learning: aktives Lernen im Web 2.0", 
   "id": "149335398442919"
  }, 
  {
   "category": "Business Services", 
   "name": "Alice Olgiati Web Editing & Social Media Consulting", 
   "category_list": [
    {
     "id": "2518", 
     "name": "Business Services"
    }
   ], 
   "id": "853438371365304"
  }, 
  {
   "category": "Website", 
   "name": "Social Boost", 
   "id": "701926083195478"
  }, 
  {
   "category": "Personal Website", 
   "name": "My Friends Book ~ Social Networking Website", 
   "id": "249459055096850"
  }, 
  {
   "category": "News/Media Website", 
   "name": "Social Media Websites", 
   "id": "121361064703333"
  }, 
  {
   "category": "Media/News/Publishing", 
   "name": "Soul Space Graphic, Web Design & Social Media", 
   "id": "109041179115289"
  }, 
  {
   "category": "Community", 
   "name": "Social web lead dakar thiaroye kao", 
   "id": "1487671954851143"
  }, 
  {
   "category": "Local Business", 
   "name": "MX - web & social marketing", 
   "category_list": [
    {
     "id": "187393124625179", 
     "name": "Web Design"
    }, 
    {
     "id": "200154933429705", 
     "name": "Web Development"
    }
   ], 
   "id": "121637227912375"
  }, 
  {
   "category": "TV Show", 
   "name": "Social Net Club Emission 100% WEB 100 %LYON", 
   "id": "230243223809910"
  }, 
  {
   "category": "Personal Blog", 
   "name": "Rolling in the Social Web", 
   "id": "605761042858461"
  }, 
  {
   "category": "Radio Station", 
   "name": "Lina Web Radio Social", 
   "id": "243771532452812"
  }, 
  {
   "category": "Community", 
   "name": "Social web lead ziguinchor", 
   "id": "654808337965974"
  }, 
  {
   "category": "Bank/Financial Institution", 
   "name": "Tsu - Social website", 
   "id": "855999941126568"
  }, 
  {
   "category": "Media/News/Publishing", 
   "name": "Kreativevue Web Design & Social Media", 
   "id": "426710170752907"
  }, 
  {
   "category": "Website", 
   "name": "Web Social Shares", 
   "id": "809715115773408"
  }, 
  {
   "category": "Company", 
   "name": "Web Infotech Solutions", 
   "category_list": [
    {
     "id": "2200", 
     "name": "Company"
    }
   ], 
   "id": "400241243372561"
  }, 
  {
   "category": "Product/Service", 
   "name": "Optimaclicks, f\u00fcr Ihren Erfolg mit Social Web", 
   "id": "162825153414"
  }, 
  {
   "category": "Internet/Software", 
   "name": "Webgewandt SEO Berlin & Social Media", 
   "category_list": [
    {
     "id": "187215161312096", 
     "name": "Internet Service Provider"
    }
   ], 
   "id": "233930279953768"
  }, 
  {
   "category": "Professional Services", 
   "name": "Jokote Dise\u00f1o - Web - Social Media", 
   "id": "160867857320458"
  }, 
  {
   "category": "Community", 
   "name": "Elkins Social website built to promote local businesses and local events.", 
   "id": "402047239877309"
  }, 
  {
   "category": "Company", 
   "name": "Social Web", 
   "id": "447187795443307"
  }, 
  {
   "category": "Retail and Consumer Merchandise", 
   "name": "Social Network Webshop", 
   "id": "424002204310411"
  }, 
  {
   "category": "Internet/Software", 
   "name": "Web Social CR", 
   "id": "162780077207016"
  }, 
  {
   "category": "Community", 
   "name": "Commercial Social Web", 
   "id": "563341733762159"
  }, 
  {
   "category": "Community", 
   "name": "ITE College Central - Social Media & Web Development", 
   "id": "120366748050821"
  }, 
  {
   "category": "Society/Culture Website", 
   "name": "Cosmosale Web Traffic & Social Marketing", 
   "id": "304240259630793"
  }, 
  {
   "category": "Consulting/Business Services", 
   "name": "Webunet - author of \"SEO & Social Media Marketing Guide\"", 
   "id": "355523558807"
  }, 
  {
   "category": "Business Services", 
   "name": "Tentler - Social Web Consulting & Marketing.", 
   "category_list": [
    {
     "id": "170992992946914", 
     "name": "Marketing Consultant"
    }, 
    {
     "id": "163272113725616", 
     "name": "Advertising Service"
    }, 
    {
     "id": "200154933429705", 
     "name": "Web Development"
    }
   ], 
   "id": "315287605293162"
  }, 
  {
   "category": "Internet/Software", 
   "name": "Velocity SEO - Web Design - Social Media", 
   "category_list": [
    {
     "id": "187393124625179", 
     "name": "Web Design"
    }, 
    {
     "id": "200154933429705", 
     "name": "Web Development"
    }, 
    {
     "id": "170992992946914", 
     "name": "Marketing Consultant"
    }
   ], 
   "id": "1614374688834029"
  }, 
  {
   "category": "Professional Services", 
   "name": "Kelowna website, social media, SEO, online tourism pro - Tourism SEO", 
   "category_list": [
    {
     "id": "164886566892249", 
     "name": "Advertising Agency"
    }, 
    {
     "id": "187393124625179", 
     "name": "Web Design"
    }
   ], 
   "id": "151720821568494"
  }, 
  {
   "category": "Local Business", 
   "name": "Social Web Leads", 
   "id": "118076131540902"
  }, 
  {
   "category": "Website", 
   "name": "Daily Social Web", 
   "id": "355289164644698"
  }, 
  {
   "category": "Local Business", 
   "name": "So Crafty Social Media / Web Design / PR", 
   "category_list": [
    {
     "id": "187393124625179", 
     "name": "Web Design"
    }, 
    {
     "id": "164886566892249", 
     "name": "Advertising Agency"
    }
   ], 
   "id": "225944470853448"
  }, 
  {
   "category": "News/Media Website", 
   "name": "Advertising on the Web", 
   "id": "28705232393"
  }, 
  {
   "category": "Local Business", 
   "name": "Viraleasy - Social Web Work", 
   "category_list": [
    {
     "id": "2500", 
     "name": "Local Business"
    }
   ], 
   "id": "160051770672539"
  }, 
  {
   "category": "Software", 
   "name": "Web and social media traffic bundles", 
   "id": "659364417455948"
  }, 
  {
   "category": "Interest", 
   "name": "Social Web Academy", 
   "id": "133517650020227"
  }, 
  {
   "category": "Company", 
   "name": "fairly marvellous - Web Design and Social Media", 
   "category_list": [
    {
     "id": "200154933429705", 
     "name": "Web Development"
    }
   ], 
   "id": "283637204991069"
  }, 
  {
   "category": "Consulting/Business Services", 
   "name": "Presto Web Design & Social Media Marketing", 
   "category_list": [
    {
     "id": "187393124625179", 
     "name": "Web Design"
    }, 
    {
     "id": "170992992946914", 
     "name": "Marketing Consultant"
    }
   ], 
   "id": "199019100182074"
  }, 
  {
   "category": "Entertainment Website", 
   "name": "Social Media on The Web Desk", 
   "id": "1461332314093628"
  }, 
  {
   "category": "Computers/Technology", 
   "name": "Harris Sakalis - Voice, Website & Social Media Management Services", 
   "id": "870157629667656"
  }, 
  {
   "category": "Consulting/Business Services", 
   "name": "Fili Visibili: Web \u2022 Social \u2022 People", 
   "category_list": [
    {
     "id": "187133811318958", 
     "name": "Business Services"
    }
   ], 
   "id": "153360208152357"
  }, 
  {
   "category": "Local Business", 
   "name": "PC Designs UK - Web & Social Media Marketing", 
   "category_list": [
    {
     "id": "170992992946914", 
     "name": "Marketing Consultant"
    }, 
    {
     "id": "187393124625179", 
     "name": "Web Design"
    }
   ], 
   "id": "45366739923"
  }, 
  {
   "category": "Consulting/Business Services", 
   "name": "Social Manager Web", 
   "category_list": [
    {
     "id": "2248", 
     "name": "Consulting/Business Services"
    }
   ], 
   "id": "339197272789256"
  }, 
  {
   "category": "Non-Profit Organization", 
   "name": "Second Wednesday - Web industry social events", 
   "id": "83659087689"
  }, 
  {
   "category": "Local Business", 
   "name": "Marketing Web Social", 
   "id": "292769827406517"
  }, 
  {
   "category": "Consulting/Business Services", 
   "name": "Elite Ideas - Websites, Marketing, Social Media", 
   "id": "120959061268900"
  }, 
  {
   "category": "Book", 
   "name": "Empfehlungsmarketing im Social Web - Das Buch", 
   "id": "343063572502618"
  }, 
  {
   "category": "Local Business", 
   "name": "Social Media - \u039a\u03bf\u03b9\u03bd\u03c9\u03bd\u03b9\u03ba\u03ac \u0394\u03af\u03ba\u03c4\u03c5\u03b1", 
   "category_list": [
    {
     "id": "2500", 
     "name": "Local Business"
    }
   ], 
   "id": "150944928251073"
  }, 
  {
   "category": "Personal Blog", 
   "name": "CARLO MAZZOCCO - Web 2.0, Knowledge Management and Social Media", 
   "id": "179826661048"
  }, 
  {
   "category": "School", 
   "name": "H\u1ecdc qu\u1ea3n tr\u1ecb web SEO Social Emarketing - H\u1ecdc l\u1eadp tr\u00ecnh H\u1ecdc thi\u1ebft k\u1ebf website", 
   "category_list": [
    {
     "id": "187133811318958", 
     "name": "Business Services"
    }, 
    {
     "id": "192338537450532", 
     "name": "Trade School"
    }, 
    {
     "id": "162237190493977", 
     "name": "Computer Training"
    }
   ], 
   "id": "162617693928362"
  }, 
  {
   "category": "Business Services", 
   "name": "Ajalon Print, Web & Social Media", 
   "category_list": [
    {
     "id": "197888373555475", 
     "name": "Printing Service"
    }, 
    {
     "id": "187393124625179", 
     "name": "Web Design"
    }
   ], 
   "id": "9840986805"
  }, 
  {
   "category": "Computers", 
   "name": "Web-Design Social-Media", 
   "id": "889082704490050"
  }, 
  {
   "category": "Local Business", 
   "name": "Dialed-In Local - Nashville SEO, Social Media Marketing, & Web Design", 
   "category_list": [
    {
     "id": "170992992946914", 
     "name": "Marketing Consultant"
    }, 
    {
     "id": "164886566892249", 
     "name": "Advertising Agency"
    }, 
    {
     "id": "187393124625179", 
     "name": "Web Design"
    }
   ], 
   "id": "782218141856730"
  }, 
  {
   "category": "Personal Blog", 
   "name": "BeSocialWeb", 
   "id": "505014329557056"
  }, 
  {
   "category": "Community", 
   "name": "LBGT world social website.", 
   "id": "241742762545993"
  }, 
  {
   "category": "Small Business", 
   "name": "glenroyDAVIE Signs | Web | Social Media | Print", 
   "id": "144654462241199"
  }, 
  {
   "category": "Company", 
   "name": "Zero It | Websites | Development | Smartphone Apps | SEO | Social Media |", 
   "category_list": [
    {
     "id": "2200", 
     "name": "Company"
    }
   ], 
   "id": "109692079082500"
  }, 
  {
   "category": "Community", 
   "name": "Elliottsweb | Los Angeles Website Design | SEO | Social Media Experts", 
   "id": "353598701369529"
  }, 
  {
   "category": "Internet/Software", 
   "name": "Bixweb - Content Beheer Websites en Social Media", 
   "category_list": [
    {
     "id": "2256", 
     "name": "Internet/Software"
    }
   ], 
   "id": "175250505908926"
  }, 
  {
   "category": "Consulting/Business Services", 
   "name": "Digital Agenda  - Web Development and Social Media Services", 
   "category_list": [
    {
     "id": "2248", 
     "name": "Consulting/Business Services"
    }
   ], 
   "id": "281836288662574"
  }, 
  {
   "category": "Community", 
   "name": "Social web lead dakar golf sud", 
   "id": "802880049770897"
  }, 
  {
   "category": "Local Business", 
   "name": "RamCage Social Web Portals", 
   "id": "121168127989143"
  }, 
  {
   "category": "Consulting/Business Services", 
   "name": "Diana Wilkins - Websites and More", 
   "category_list": [
    {
     "id": "187393124625179", 
     "name": "Web Design"
    }, 
    {
     "id": "170992992946914", 
     "name": "Marketing Consultant"
    }
   ], 
   "id": "219546744879201"
  }, 
  {
   "category": "Product/Service", 
   "name": "@webdesignleads - Web Design & Development Social Leads", 
   "id": "162899293739458"
  }, 
  {
   "category": "Consulting/Business Services", 
   "name": "Mobile Social Web Consulting", 
   "id": "323337601029865"
  }, 
  {
   "category": "Community", 
   "name": "Dynamic Diversions Enterprises Social Media and Web Design", 
   "id": "1516556771903871"
  }, 
  {
   "category": "Internet/Software", 
   "name": "The  Crew & Co Web & Social Media Solutions", 
   "id": "393828227336141"
  }, 
  {
   "category": "Professional Services", 
   "name": "ShapeShift Website Content & Social Media", 
   "category_list": [
    {
     "id": "186573994697103", 
     "name": "Writing Service"
    }, 
    {
     "id": "200154933429705", 
     "name": "Web Development"
    }
   ], 
   "id": "881058918606679"
  }, 
  {
   "category": "Community", 
   "name": "Conseil Web Social", 
   "id": "150876518278465"
  }, 
  {
   "category": "Community", 
   "name": "Formation : Valorisez vos travaux de recherche avec le web social", 
   "id": "100632060099568"
  }, 
  {
   "category": "Education", 
   "name": "The Social Mobile WEB Business Conference", 
   "category_list": [
    {
     "id": "151676848220295", 
     "name": "Education"
    }
   ], 
   "id": "290193207726357"
  }, 
  {
   "category": "Book", 
   "name": "Informe APEI sobre Web Social", 
   "id": "33274669157"
  }, 
  {
   "category": "Website", 
   "name": "PickMe Web - Online Social Bookmarking", 
   "id": "116207408393755"
  }, 
  {
   "category": "Computers/Technology", 
   "name": "Website Designing in Dubai, Website Development,Social Media Marketing-seo", 
   "category_list": [
    {
     "id": "187393124625179", 
     "name": "Web Design"
    }, 
    {
     "id": "200154933429705", 
     "name": "Web Development"
    }, 
    {
     "id": "108472109230615", 
     "name": "Computer Services"
    }
   ], 
   "id": "1392517094365062"
  }, 
  {
   "category": "Consulting/Business Services", 
   "name": "websiteinawink.com - website design & social media packages", 
   "category_list": [
    {
     "id": "2248", 
     "name": "Consulting/Business Services"
    }
   ], 
   "id": "208456249177473"
  }, 
  {
   "category": "Consulting/Business Services", 
   "name": "Godry Lavoraconnoi Web-Promoter", 
   "id": "1002287786466418"
  }, 
  {
   "category": "Community", 
   "name": "Web Trends & Social Media", 
   "id": "352574378177313"
  }, 
  {
   "category": "Website", 
   "name": "Katie Davidson - Web Designer and Social Media Manager", 
   "id": "539830269488532"
  }, 
  {
   "category": "Professional Services", 
   "name": "SWM - Social Web Management", 
   "category_list": [
    {
     "id": "176831012360626", 
     "name": "Professional Services"
    }
   ], 
   "id": "464943686887751"
  }, 
  {
   "category": "Website", 
   "name": "First Rank Marketing - SEO, Social Media, & Website Design", 
   "id": "111815885571826"
  }, 
  {
   "category": "Community", 
   "name": "Marci Rosenblum - Expert SEO Specialist, Web Traffic, Social Media Marketer", 
   "id": "70863093045"
  }, 
  {
   "category": "Internet/Software", 
   "name": "EPhost Inc - web hosting, web design and social media", 
   "category_list": [
    {
     "id": "2256", 
     "name": "Internet/Software"
    }
   ], 
   "id": "471519355150"
  }, 
  {
   "category": "Computers/Technology", 
   "name": "Sheely Websites and Social Media", 
   "category_list": [
    {
     "id": "187393124625179", 
     "name": "Web Design"
    }
   ], 
   "id": "207631625938758"
  }
 ]
}
