=============================================================================
[
 {
  "created_at": "2015-07-03T21:48:20Z", 
  "trends": [
   {
    "url": "http://twitter.com/search?q=%23SomosTodosMajuCoutinho", 
    "query": "%23SomosTodosMajuCoutinho", 
    "name": "#SomosTodosMajuCoutinho", 
    "promoted_content": null
   }, 
   {
    "url": "http://twitter.com/search?q=%23QVEMF", 
    "query": "%23QVEMF", 
    "name": "#QVEMF", 
    "promoted_content": null
   }, 
   {
    "url": "http://twitter.com/search?q=%23SurvivorAllStar", 
    "query": "%23SurvivorAllStar", 
    "name": "#SurvivorAllStar", 
    "promoted_content": null
   }, 
   {
    "url": "http://twitter.com/search?q=%23MeEncantaQue", 
    "query": "%23MeEncantaQue", 
    "name": "#MeEncantaQue", 
    "promoted_content": null
   }, 
   {
    "url": "http://twitter.com/search?q=%23KohLanta", 
    "query": "%23KohLanta", 
    "name": "#KohLanta", 
    "promoted_content": null
   }, 
   {
    "url": "http://twitter.com/search?q=%22DeAndre+Jordan%22", 
    "query": "%22DeAndre+Jordan%22", 
    "name": "DeAndre Jordan", 
    "promoted_content": null
   }, 
   {
    "url": "http://twitter.com/search?q=Serena", 
    "query": "Serena", 
    "name": "Serena", 
    "promoted_content": null
   }, 
   {
    "url": "http://twitter.com/search?q=BuyCoolForTheSummerOniTunes", 
    "query": "BuyCoolForTheSummerOniTunes", 
    "name": "BuyCoolForTheSummerOniTunes", 
    "promoted_content": null
   }, 
   {
    "url": "http://twitter.com/search?q=Clippers", 
    "query": "Clippers", 
    "name": "Clippers", 
    "promoted_content": null
   }, 
   {
    "url": "http://twitter.com/search?q=Duca", 
    "query": "Duca", 
    "name": "Duca", 
    "promoted_content": null
   }
  ], 
  "as_of": "2015-07-03T21:52:42Z", 
  "locations": [
   {
    "woeid": 1, 
    "name": "Worldwide"
   }
  ]
 }
]
=============================================================================

=============================================================================
[
 {
  "created_at": "2015-07-03T21:43:18Z", 
  "trends": [
   {
    "url": "http://twitter.com/search?q=%23SingleBecause", 
    "query": "%23SingleBecause", 
    "name": "#SingleBecause", 
    "promoted_content": null
   }, 
   {
    "url": "http://twitter.com/search?q=%22DeAndre+Jordan%22", 
    "query": "%22DeAndre+Jordan%22", 
    "name": "DeAndre Jordan", 
    "promoted_content": null
   }, 
   {
    "url": "http://twitter.com/search?q=Clippers", 
    "query": "Clippers", 
    "name": "Clippers", 
    "promoted_content": null
   }, 
   {
    "url": "http://twitter.com/search?q=Serena", 
    "query": "Serena", 
    "name": "Serena", 
    "promoted_content": null
   }, 
   {
    "url": "http://twitter.com/search?q=%234thofJulyweekend", 
    "query": "%234thofJulyweekend", 
    "name": "#4thofJulyweekend", 
    "promoted_content": null
   }, 
   {
    "url": "http://twitter.com/search?q=%23ToughenUpACartoon", 
    "query": "%23ToughenUpACartoon", 
    "name": "#ToughenUpACartoon", 
    "promoted_content": null
   }, 
   {
    "url": "http://twitter.com/search?q=%23KAMFreestyleFriday", 
    "query": "%23KAMFreestyleFriday", 
    "name": "#KAMFreestyleFriday", 
    "promoted_content": null
   }, 
   {
    "url": "http://twitter.com/search?q=%22Chandler+Parsons%22", 
    "query": "%22Chandler+Parsons%22", 
    "name": "Chandler Parsons", 
    "promoted_content": null
   }, 
   {
    "url": "http://twitter.com/search?q=%23FrogAFilm", 
    "query": "%23FrogAFilm", 
    "name": "#FrogAFilm", 
    "promoted_content": null
   }, 
   {
    "url": "http://twitter.com/search?q=%22Zero+Escape+3%22", 
    "query": "%22Zero+Escape+3%22", 
    "name": "Zero Escape 3", 
    "promoted_content": null
   }
  ], 
  "as_of": "2015-07-03T21:52:42Z", 
  "locations": [
   {
    "woeid": 23424977, 
    "name": "United States"
   }
  ]
 }
]
=============================================================================
=============================================================================
set([u'Clippers', u'Serena', u'DeAndre Jordan'])
=============================================================================
Length of statuses  100
Length of statuses  100
Length of statuses  100
Length of statuses  100
Length of statuses  100
=============================================================================
{
 "contributors": null, 
 "truncated": false, 
 "text": "RT @RyneHambright: Play the video of Serena telling the entire Wimbledon crowd 'Don't Try Me' at my funeral.  https://t.co/DKY4I5thn5  #Ser\u2026", 
 "is_quote_status": false, 
 "in_reply_to_status_id": null, 
 "id": 617088319994859520, 
 "favorite_count": 0, 
 "source": "<a href=\"http://twitter.com/download/iphone\" rel=\"nofollow\">Twitter for iPhone</a>", 
 "retweeted": false, 
 "coordinates": null, 
 "entities": {
  "symbols": [], 
  "user_mentions": [
   {
    "id": 17071298, 
    "indices": [
     3, 
     17
    ], 
    "id_str": "17071298", 
    "screen_name": "RyneHambright", 
    "name": "RyneHambright"
   }
  ], 
  "hashtags": [
   {
    "indices": [
     135, 
     140
    ], 
    "text": "Serena"
   }, 
   {
    "indices": [
     139, 
     140
    ], 
    "text": "Wimbledon"
   }
  ], 
  "urls": [
   {
    "url": "https://t.co/DKY4I5thn5", 
    "indices": [
     110, 
     133
    ], 
    "expanded_url": "https://vine.co/v/e1pl6rHArvx", 
    "display_url": "vine.co/v/e1pl6rHArvx"
   }
  ]
 }, 
 "in_reply_to_screen_name": null, 
 "in_reply_to_user_id": null, 
 "retweet_count": 3, 
 "id_str": "617088319994859520", 
 "favorited": false, 
 "retweeted_status": {
  "contributors": null, 
  "truncated": false, 
  "text": "Play the video of Serena telling the entire Wimbledon crowd 'Don't Try Me' at my funeral.  https://t.co/DKY4I5thn5  #Serena #Wimbledon", 
  "is_quote_status": false, 
  "in_reply_to_status_id": null, 
  "id": 617061709899956225, 
  "favorite_count": 0, 
  "source": "<a href=\"http://twitter.com\" rel=\"nofollow\">Twitter Web Client</a>", 
  "retweeted": false, 
  "coordinates": null, 
  "entities": {
   "symbols": [], 
   "user_mentions": [], 
   "hashtags": [
    {
     "indices": [
      116, 
      123
     ], 
     "text": "Serena"
    }, 
    {
     "indices": [
      124, 
      134
     ], 
     "text": "Wimbledon"
    }
   ], 
   "urls": [
    {
     "url": "https://t.co/DKY4I5thn5", 
     "indices": [
      91, 
      114
     ], 
     "expanded_url": "https://vine.co/v/e1pl6rHArvx", 
     "display_url": "vine.co/v/e1pl6rHArvx"
    }
   ]
  }, 
  "in_reply_to_screen_name": null, 
  "in_reply_to_user_id": null, 
  "retweet_count": 3, 
  "id_str": "617061709899956225", 
  "favorited": false, 
  "user": {
   "follow_request_sent": false, 
   "has_extended_profile": false, 
   "profile_use_background_image": false, 
   "default_profile_image": false, 
   "id": 17071298, 
   "profile_background_image_url_https": "https://pbs.twimg.com/profile_background_images/683076237/299c111235fc5efb2c71a94a5b4e9c3f.jpeg", 
   "verified": false, 
   "profile_text_color": "666666", 
   "profile_image_url_https": "https://pbs.twimg.com/profile_images/3604856366/c3d70d2dce88c5b0cf4622a670b2883b_normal.jpeg", 
   "profile_sidebar_fill_color": "000000", 
   "entities": {
    "url": {
     "urls": [
      {
       "url": "http://t.co/GdtEwRefYv", 
       "indices": [
        0, 
        22
       ], 
       "expanded_url": "http://rynehambright.tumblr.com", 
       "display_url": "rynehambright.tumblr.com"
      }
     ]
    }, 
    "description": {
     "urls": []
    }
   }, 
   "followers_count": 433, 
   "profile_sidebar_border_color": "FFFFFF", 
   "id_str": "17071298", 
   "profile_background_color": "1A1B1F", 
   "listed_count": 8, 
   "is_translation_enabled": false, 
   "utc_offset": -18000, 
   "statuses_count": 4962, 
   "description": "My eleventh birthday was the worst because my Hogwarts acceptance letter never came.", 
   "friends_count": 235, 
   "location": "Somewhere covered in dog hair.", 
   "profile_link_color": "001DB0", 
   "profile_image_url": "http://pbs.twimg.com/profile_images/3604856366/c3d70d2dce88c5b0cf4622a670b2883b_normal.jpeg", 
   "following": false, 
   "geo_enabled": false, 
   "profile_banner_url": "https://pbs.twimg.com/profile_banners/17071298/1403624135", 
   "profile_background_image_url": "http://pbs.twimg.com/profile_background_images/683076237/299c111235fc5efb2c71a94a5b4e9c3f.jpeg", 
   "screen_name": "RyneHambright", 
   "lang": "en", 
   "profile_background_tile": true, 
   "favourites_count": 1307, 
   "name": "RyneHambright", 
   "notifications": false, 
   "url": "http://t.co/GdtEwRefYv", 
   "created_at": "Thu Oct 30 18:50:49 +0000 2008", 
   "contributors_enabled": false, 
   "time_zone": "Quito", 
   "protected": false, 
   "default_profile": false, 
   "is_translator": false
  }, 
  "geo": null, 
  "in_reply_to_user_id_str": null, 
  "possibly_sensitive": false, 
  "lang": "en", 
  "created_at": "Fri Jul 03 20:05:50 +0000 2015", 
  "in_reply_to_status_id_str": null, 
  "place": null, 
  "metadata": {
   "iso_language_code": "en", 
   "result_type": "recent"
  }
 }, 
 "user": {
  "follow_request_sent": false, 
  "has_extended_profile": false, 
  "profile_use_background_image": true, 
  "default_profile_image": false, 
  "id": 577627885, 
  "profile_background_image_url_https": "https://abs.twimg.com/images/themes/theme1/bg.png", 
  "verified": false, 
  "profile_text_color": "333333", 
  "profile_image_url_https": "https://pbs.twimg.com/profile_images/600357030755495936/xrPYoIl7_normal.jpg", 
  "profile_sidebar_fill_color": "DDEEF6", 
  "entities": {
   "description": {
    "urls": []
   }
  }, 
  "followers_count": 55, 
  "profile_sidebar_border_color": "C0DEED", 
  "id_str": "577627885", 
  "profile_background_color": "C0DEED", 
  "listed_count": 0, 
  "is_translation_enabled": false, 
  "utc_offset": -10800, 
  "statuses_count": 5582, 
  "description": "sometimes i have stop and ask myself, are there oreo crumbs on my forehead?", 
  "friends_count": 230, 
  "location": "flo rida ", 
  "profile_link_color": "7B3EAD", 
  "profile_image_url": "http://pbs.twimg.com/profile_images/600357030755495936/xrPYoIl7_normal.jpg", 
  "following": false, 
  "geo_enabled": false, 
  "profile_banner_url": "https://pbs.twimg.com/profile_banners/577627885/1360111636", 
  "profile_background_image_url": "http://abs.twimg.com/images/themes/theme1/bg.png", 
  "screen_name": "superfluoussam", 
  "lang": "en", 
  "profile_background_tile": false, 
  "favourites_count": 5553, 
  "name": "Sam[antha]", 
  "notifications": false, 
  "url": null, 
  "created_at": "Sat May 12 01:38:10 +0000 2012", 
  "contributors_enabled": false, 
  "time_zone": "Atlantic Time (Canada)", 
  "protected": false, 
  "default_profile": false, 
  "is_translator": false
 }, 
 "geo": null, 
 "in_reply_to_user_id_str": null, 
 "possibly_sensitive": false, 
 "lang": "en", 
 "created_at": "Fri Jul 03 21:51:35 +0000 2015", 
 "in_reply_to_status_id_str": null, 
 "place": null, 
 "metadata": {
  "iso_language_code": "en", 
  "result_type": "recent"
 }
}
=============================================================================
[
 "RT @RyneHambright: Play the video of Serena telling the entire Wimbledon crowd 'Don't Try Me' at my funeral.  https://t.co/DKY4I5thn5  #Ser\u2026", 
 "Your Fourth of July at W #Hotel of New York http://t.co/QSgmnhzxUR #Serena: While many New Yorkers may head out of town to cel...", 
 "I know where I'll be Sunday. In front of TV for #Serena vs #Venus in the round of 16 #Wimbledon", 
 "RT @_Debt_Lawyer: IMF Raises Referendum Stakes With Call for More Aid for Greece and #Debt Relief http://t.co/CVarJUmMp9 #Serena: The Inter\u2026", 
 "#Serena #stole the show with colourful #headband at #Wimbledon."
]
[
 "RyneHambright", 
 "_Debt_Lawyer", 
 "mimi_ck", 
 "NerdyWonka", 
 "usopen"
]
[
 "Serena", 
 "Wimbledon", 
 "Hotel", 
 "Serena", 
 "Serena"
]
[
 "RT", 
 "@RyneHambright:", 
 "Play", 
 "the", 
 "video"
]
=============================================================================
[(u'#Serena', 160), (u'RT', 83), (u'#Wimbledon', 64), (u'in', 56), (u'the', 53), (u'and', 44), (u'to', 39), (u'for', 29), (u'#Venus', 28), (u'#Serena:', 27)]

[(u'ESPNTennis', 20), (u'usopen', 20), (u'jesskatbee', 10), (u'NickMcCarvel', 6), (u'Vivek_009', 4), (u'ESPN3', 4), (u'HeatherWatson92', 4), (u'piersmorgan', 3), (u'usta', 3), (u'Wimbledon', 2)]

[(u'Serena', 194), (u'Wimbledon', 67), (u'Venus', 33), (u'serena', 27), (u'Watson', 16), (u'blogger', 12), (u'SingleBecause', 10), (u'seo', 9), (u'Happy4thOfJuly', 9), (u'Wimbledon2015', 9)]

=============================================================================
+------------+-------+
| Word       | Count |
+------------+-------+
| #Serena    |   160 |
| RT         |    83 |
| #Wimbledon |    64 |
| in         |    56 |
| the        |    53 |
| and        |    44 |
| to         |    39 |
| for        |    29 |
| #Venus     |    28 |
| #Serena:   |    27 |
+------------+-------+
+-----------------+-------+
| Screen Name     | Count |
+-----------------+-------+
| ESPNTennis      |    20 |
| usopen          |    20 |
| jesskatbee      |    10 |
| NickMcCarvel    |     6 |
| Vivek_009       |     4 |
| ESPN3           |     4 |
| HeatherWatson92 |     4 |
| piersmorgan     |     3 |
| usta            |     3 |
| Wimbledon       |     2 |
+-----------------+-------+
+----------------+-------+
| Hashtag        | Count |
+----------------+-------+
| Serena         |   194 |
| Wimbledon      |    67 |
| Venus          |    33 |
| serena         |    27 |
| Watson         |    16 |
| blogger        |    12 |
| SingleBecause  |    10 |
| seo            |     9 |
| Happy4thOfJuly |     9 |
| Wimbledon2015  |     9 |
+----------------+-------+
=============================================================================
Lexical diversity in words:  0.340348767288
Lexical diversity in screen names:  0.362831858407
Lexical diversity in hashtags:  0.230383973289
Average words per tweet  16.63
=============================================================================
=============================================================================
+-------+-------------+----------------------------------------------------+
| Count | Screen Name | Text                                               |
+-------+-------------+----------------------------------------------------+
| 579   | usopen      | RT @usopen: #Serena survives! And it's #Serena vs. |
|       |             | #Venus next round. We can't wait. #Wimbledon       |
|       |             | http://t.co/JUVPebeKMP                             |
| 579   | usopen      | RT @usopen: #Serena survives! And it's #Serena vs. |
|       |             | #Venus next round. We can't wait. #Wimbledon       |
|       |             | http://t.co/JUVPebeKMP                             |
| 579   | usopen      | RT @usopen: #Serena survives! And it's #Serena vs. |
|       |             | #Venus next round. We can't wait. #Wimbledon       |
|       |             | http://t.co/JUVPebeKMP                             |
| 579   | usopen      | RT @usopen: #Serena survives! And it's #Serena vs. |
|       |             | #Venus next round. We can't wait. #Wimbledon       |
|       |             | http://t.co/JUVPebeKMP                             |
| 579   | usopen      | RT @usopen: #Serena survives! And it's #Serena vs. |
|       |             | #Venus next round. We can't wait. #Wimbledon       |
|       |             | http://t.co/JUVPebeKMP                             |
+-------+-------------+----------------------------------------------------+
=============================================================================
=============================================================================
